#
# There is insufficient memory for the Java Runtime Environment to continue.
# Native memory allocation (malloc) failed to allocate 2097152 bytes for AllocateHeap
# Possible reasons:
#   The system is out of physical RAM or swap space
#   The process is running with CompressedOops enabled, and the Java Heap may be blocking the growth of the native heap
# Possible solutions:
#   Reduce memory load on the system
#   Increase physical memory or swap space
#   Check if swap backing store is full
#   Decrease Java heap size (-Xmx/-Xms)
#   Decrease number of Java threads
#   Decrease Java thread stack sizes (-Xss)
#   Set larger code cache with -XX:ReservedCodeCacheSize=
#   JVM is running with Unscaled Compressed Oops mode in which the Java heap is
#     placed in the first 4GB address space. The Java Heap base address is the
#     maximum limit for the native heap growth. Please use -XX:HeapBaseMinAddress
#     to set the Java Heap base and to place the Java Heap above 4GB virtual address.
# This output file may be truncated or incomplete.
#
#  Out of Memory Error (allocation.cpp:44), pid=25472, tid=25580
#
# JRE version: OpenJDK Runtime Environment Temurin-17.0.7+7 (17.0.7+7) (build 17.0.7+7)
# Java VM: OpenJDK 64-Bit Server VM Temurin-17.0.7+7 (17.0.7+7, mixed mode, emulated-client, tiered, compressed oops, compressed class ptrs, g1 gc, windows-amd64)
# No core dump will be written. Minidumps are not enabled by default on client versions of Windows
#

---------------  S U M M A R Y ------------

Command Line: -XX:+HeapDumpOnOutOfMemoryError -Xmx1024m -Dsts.lsp.client=vscode -Dsts.log.file=/dev/null -XX:TieredStopAtLevel=1 -Xlog:jni+resolve=off -Dspring.config.location=file:c:\Users\user1\.vscode\extensions\vmware.vscode-spring-boot-1.48.0\language-server\BOOT-INF\classes\application.properties org.springframework.ide.vscode.boot.app.BootLanguageServerBootApp

Host: AMD Ryzen 7 2700 Eight-Core Processor          , 16 cores, 15G,  Windows 10 , 64 bit Build 19041 (10.0.19041.3155)
Time: Wed Aug 16 23:53:30 2023  Windows 10 , 64 bit Build 19041 (10.0.19041.3155) elapsed time: 37086.560525 seconds (0d 10h 18m 6s)

---------------  T H R E A D  ---------------

Current thread (0x000001e756013570):  VMThread "VM Thread" [stack: 0x000000afd7c00000,0x000000afd7d00000] [id=25580]

Stack: [0x000000afd7c00000,0x000000afd7d00000]
Native frames: (J=compiled Java code, j=interpreted, Vv=VM code, C=native code)
V  [jvm.dll+0x67754a]
V  [jvm.dll+0x834304]
V  [jvm.dll+0x835aae]
V  [jvm.dll+0x836113]
V  [jvm.dll+0x24696f]
V  [jvm.dll+0xa681f]
V  [jvm.dll+0x2f7481]
V  [jvm.dll+0x2f30f0]
V  [jvm.dll+0x2db6c7]
V  [jvm.dll+0x31e777]
V  [jvm.dll+0x83a5bb]
V  [jvm.dll+0x83b2f4]
V  [jvm.dll+0x83b80c]
V  [jvm.dll+0x83bbe4]
V  [jvm.dll+0x83bcb0]
V  [jvm.dll+0x7e4e7a]
V  [jvm.dll+0x676395]
C  [ucrtbase.dll+0x21bb2]
C  [KERNEL32.DLL+0x17614]
C  [ntdll.dll+0x526b1]

VM_Operation (0x000000afd9dfeb40): G1CollectFull, mode: safepoint, requested by thread 0x000001e756ac2030


---------------  P R O C E S S  ---------------

Threads class SMR info:
_java_thread_list=0x000001e7583f84f0, length=21, elements={
0x000001e751ef8f80, 0x000001e751ef9df0, 0x000001e756052d70, 0x000001e756053920,
0x000001e756070560, 0x000001e756076420, 0x000001e756076dd0, 0x000001e756082700,
0x000001e756280900, 0x000001e756293020, 0x000001e757889460, 0x000001e757889d30,
0x000001e756ac2030, 0x000001e7570bd830, 0x000001e7465c48f0, 0x000001e7561d7ad0,
0x000001e757918bc0, 0x000001e75791d2e0, 0x000001e757b103d0, 0x000001e757b0ca10,
0x000001e757b0d3b0
}

Java Threads: ( => current thread )
  0x000001e751ef8f80 JavaThread "Reference Handler" daemon [_thread_blocked, id=25584, stack(0x000000afd7d00000,0x000000afd7e00000)]
  0x000001e751ef9df0 JavaThread "Finalizer" daemon [_thread_blocked, id=25588, stack(0x000000afd7e00000,0x000000afd7f00000)]
  0x000001e756052d70 JavaThread "Signal Dispatcher" daemon [_thread_blocked, id=23128, stack(0x000000afd7f00000,0x000000afd8000000)]
  0x000001e756053920 JavaThread "Attach Listener" daemon [_thread_blocked, id=24816, stack(0x000000afd8000000,0x000000afd8100000)]
  0x000001e756070560 JavaThread "Service Thread" daemon [_thread_blocked, id=21740, stack(0x000000afd8100000,0x000000afd8200000)]
  0x000001e756076420 JavaThread "Monitor Deflation Thread" daemon [_thread_blocked, id=13956, stack(0x000000afd8200000,0x000000afd8300000)]
  0x000001e756076dd0 JavaThread "C1 CompilerThread0" daemon [_thread_blocked, id=21012, stack(0x000000afd8300000,0x000000afd8400000)]
  0x000001e756082700 JavaThread "Sweeper thread" daemon [_thread_blocked, id=20176, stack(0x000000afd8400000,0x000000afd8500000)]
  0x000001e756280900 JavaThread "Notification Thread" daemon [_thread_blocked, id=18056, stack(0x000000afd8700000,0x000000afd8800000)]
  0x000001e756293020 JavaThread "Common-Cleaner" daemon [_thread_blocked, id=24720, stack(0x000000afd8900000,0x000000afd8a00000)]
  0x000001e757889460 JavaThread "boundedElastic-evictor-1" daemon [_thread_blocked, id=24844, stack(0x000000afd9b00000,0x000000afd9c00000)]
  0x000001e757889d30 JavaThread "boundedElastic-evictor-2" daemon [_thread_blocked, id=24840, stack(0x000000afd9c00000,0x000000afd9d00000)]
  0x000001e756ac2030 JavaThread "pool-11-thread-1" [_thread_blocked, id=24860, stack(0x000000afd9d00000,0x000000afd9e00000)]
  0x000001e7570bd830 JavaThread "LanguageServerApp-lifecycle" [_thread_blocked, id=24880, stack(0x000000afd9e00000,0x000000afd9f00000)]
  0x000001e7465c48f0 JavaThread "DestroyJavaVM" [_thread_blocked, id=25552, stack(0x000000afd7600000,0x000000afd7700000)]
  0x000001e7561d7ad0 JavaThread "pool-12-thread-1" [_thread_in_native, id=23396, stack(0x000000afd9f00000,0x000000afda000000)]
  0x000001e757918bc0 JavaThread "Simple-Language-Server main thread" daemon [_thread_blocked, id=24676, stack(0x000000afda000000,0x000000afda100000)]
  0x000001e75791d2e0 JavaThread "parallel-1" daemon [_thread_blocked, id=18124, stack(0x000000afda500000,0x000000afda600000)]
  0x000001e757b103d0 JavaThread "pool-5-thread-1" [_thread_blocked, id=24984, stack(0x000000afdbe00000,0x000000afdbf00000)]
  0x000001e757b0ca10 JavaThread "parallel-2" daemon [_thread_blocked, id=20952, stack(0x000000afdc000000,0x000000afdc100000)]
  0x000001e757b0d3b0 JavaThread "parallel-3" daemon [_thread_blocked, id=19364, stack(0x000000afda800000,0x000000afda900000)]

Other Threads:
=>0x000001e756013570 VMThread "VM Thread" [stack: 0x000000afd7c00000,0x000000afd7d00000] [id=25580]
  0x000001e746620170 WatcherThread [stack: 0x000000afd8800000,0x000000afd8900000] [id=17940]
  0x000001e746602f60 GCTaskThread "GC Thread#0" [stack: 0x000000afd7700000,0x000000afd7800000] [id=25556]
  0x000001e756b1ab50 GCTaskThread "GC Thread#1" [stack: 0x000000afd8b00000,0x000000afd8c00000] [id=25392]
  0x000001e756d6e040 GCTaskThread "GC Thread#2" [stack: 0x000000afd8c00000,0x000000afd8d00000] [id=9472]
  0x000001e756d6e900 GCTaskThread "GC Thread#3" [stack: 0x000000afd8d00000,0x000000afd8e00000] [id=25400]
  0x000001e756d8f450 GCTaskThread "GC Thread#4" [stack: 0x000000afd8e00000,0x000000afd8f00000] [id=22132]
  0x000001e756d8f700 GCTaskThread "GC Thread#5" [stack: 0x000000afd8f00000,0x000000afd9000000] [id=22124]
  0x000001e756fe2550 GCTaskThread "GC Thread#6" [stack: 0x000000afd9000000,0x000000afd9100000] [id=25440]
  0x000001e756fe3810 GCTaskThread "GC Thread#7" [stack: 0x000000afd9100000,0x000000afd9200000] [id=25444]
  0x000001e75731d140 GCTaskThread "GC Thread#8" [stack: 0x000000afd9500000,0x000000afd9600000] [id=24740]
  0x000001e75731d3f0 GCTaskThread "GC Thread#9" [stack: 0x000000afd9600000,0x000000afd9700000] [id=25548]
  0x000001e75731dac0 GCTaskThread "GC Thread#10" [stack: 0x000000afd9700000,0x000000afd9800000] [id=21928]
  0x000001e75731dd70 GCTaskThread "GC Thread#11" [stack: 0x000000afd9800000,0x000000afd9900000] [id=3068]
  0x000001e757313620 GCTaskThread "GC Thread#12" [stack: 0x000000afd9200000,0x000000afd9300000] [id=24176]
  0x000001e74660ceb0 ConcurrentGCThread "G1 Main Marker" [stack: 0x000000afd7800000,0x000000afd7900000] [id=25560]
  0x000001e74660e060 ConcurrentGCThread "G1 Conc#0" [stack: 0x000000afd7900000,0x000000afd7a00000] [id=25564]
  0x000001e75727be00 ConcurrentGCThread "G1 Conc#1" [stack: 0x000000afd9900000,0x000000afd9a00000] [id=15772]
  0x000001e7572d3030 ConcurrentGCThread "G1 Conc#2" [stack: 0x000000afd9a00000,0x000000afd9b00000] [id=22340]
  0x000001e74668e8c0 ConcurrentGCThread "G1 Refine#0" [stack: 0x000000afd7a00000,0x000000afd7b00000] [id=25568]
  0x000001e75844fcf0 ConcurrentGCThread "G1 Refine#1" [stack: 0x000000afdbf00000,0x000000afdc000000] [id=24664]
  0x000001e75899bcb0 ConcurrentGCThread "G1 Refine#2" [stack: 0x000000afdc100000,0x000000afdc200000] [id=25012]
  0x000001e758998ce0 ConcurrentGCThread "G1 Refine#3" [stack: 0x000000afdc200000,0x000000afdc300000] [id=15180]
  0x000001e758a00ca0 ConcurrentGCThread "G1 Refine#4" [stack: 0x000000afdc500000,0x000000afdc600000] [id=25292]
  0x000001e758d9ea40 ConcurrentGCThread "G1 Refine#5" [stack: 0x000000afdc700000,0x000000afdc800000] [id=14724]
  0x000001e758fe8cf0 ConcurrentGCThread "G1 Refine#6" [stack: 0x000000afdc900000,0x000000afdca00000] [id=24760]
  0x000001e7586a9ba0 ConcurrentGCThread "G1 Refine#7" [stack: 0x000000afdca00000,0x000000afdcb00000] [id=24684]
  0x000001e757a99e10 ConcurrentGCThread "G1 Refine#8" [stack: 0x000000afdcb00000,0x000000afdcc00000] [id=24804]
  0x000001e757a99850 ConcurrentGCThread "G1 Refine#9" [stack: 0x000000afdcc00000,0x000000afdcd00000] [id=25496]
  0x000001e757a99b30 ConcurrentGCThread "G1 Refine#10" [stack: 0x000000afdcd00000,0x000000afdce00000] [id=6640]
  0x000001e757a9a0f0 ConcurrentGCThread "G1 Refine#11" [stack: 0x000000afda600000,0x000000afda700000] [id=24916]
  0x000001e7582cfb80 ConcurrentGCThread "G1 Refine#12" [stack: 0x000000afda700000,0x000000afda800000] [id=24928]
  0x000001e751d764d0 ConcurrentGCThread "G1 Service" [stack: 0x000000afd7b00000,0x000000afd7c00000] [id=25572]

Threads with active compile tasks:

VM state: at safepoint (normal execution)

VM Mutex/Monitor currently owned by a thread:  ([mutex/lock_event])
[0x000001e7442d9160] Threads_lock - owner thread: 0x000001e756013570
[0x000001e7465b35d0] Heap_lock - owner thread: 0x000001e756ac2030

Heap address: 0x00000000c0000000, size: 1024 MB, Compressed Oops mode: 32-bit

CDS archive(s) not mapped
Compressed class space mapped at: 0x0000000100000000-0x0000000140000000, reserved size: 1073741824
Narrow klass base: 0x0000000000000000, Narrow klass shift: 3, Narrow klass range: 0x140000000

GC Precious Log:
 CPUs: 16 total, 16 available
 Memory: 16337M
 Large Page Support: Disabled
 NUMA Support: Disabled
 Compressed Oops: Enabled (32-bit)
 Heap Region Size: 1M
 Heap Min Capacity: 8M
 Heap Initial Capacity: 256M
 Heap Max Capacity: 1G
 Pre-touch: Disabled
 Parallel Workers: 13
 Concurrent Workers: 3
 Concurrent Refinement Workers: 13
 Periodic GC: Disabled

Heap:
 garbage-first heap   total 119808K, used 34824K [0x00000000c0000000, 0x0000000100000000)
  region size 1024K, 1 young (1024K), 0 survivors (0K)
 Metaspace       used 56552K, committed 57344K, reserved 1114112K
  class space    used 8042K, committed 8320K, reserved 1048576K

Heap Regions: E=young(eden), S=young(survivor), O=old, HS=humongous(starts), HC=humongous(continues), CS=collection set, F=free, OA=open archive, CA=closed archive, TAMS=top-at-mark-start (previous, next)
|   0|0x00000000c0000000, 0x00000000c0100000, 0x00000000c0100000|100%| O|  |TAMS 0x00000000c0100000, 0x00000000c0000000| Untracked 
|   1|0x00000000c0100000, 0x00000000c01fffe8, 0x00000000c0200000| 99%| O|  |TAMS 0x00000000c01fffe8, 0x00000000c0100000| Untracked 
|   2|0x00000000c0200000, 0x00000000c0300000, 0x00000000c0300000|100%| O|  |TAMS 0x00000000c0300000, 0x00000000c0200000| Untracked 
|   3|0x00000000c0300000, 0x00000000c0400000, 0x00000000c0400000|100%| O|  |TAMS 0x00000000c0400000, 0x00000000c0300000| Untracked 
|   4|0x00000000c0400000, 0x00000000c0500000, 0x00000000c0500000|100%| O|  |TAMS 0x00000000c0500000, 0x00000000c0400000| Untracked 
|   5|0x00000000c0500000, 0x00000000c0600000, 0x00000000c0600000|100%| O|  |TAMS 0x00000000c0600000, 0x00000000c0500000| Untracked 
|   6|0x00000000c0600000, 0x00000000c06fffd8, 0x00000000c0700000| 99%| O|  |TAMS 0x00000000c06fffd8, 0x00000000c0600000| Untracked 
|   7|0x00000000c0700000, 0x00000000c07ffed0, 0x00000000c0800000| 99%| O|  |TAMS 0x00000000c07ffed0, 0x00000000c0700000| Untracked 
|   8|0x00000000c0800000, 0x00000000c0900000, 0x00000000c0900000|100%| O|  |TAMS 0x00000000c0900000, 0x00000000c0800000| Untracked 
|   9|0x00000000c0900000, 0x00000000c09fff68, 0x00000000c0a00000| 99%| O|  |TAMS 0x00000000c09fff68, 0x00000000c0900000| Untracked 
|  10|0x00000000c0a00000, 0x00000000c0affff8, 0x00000000c0b00000| 99%| O|  |TAMS 0x00000000c0affff8, 0x00000000c0a00000| Untracked 
|  11|0x00000000c0b00000, 0x00000000c0bffff0, 0x00000000c0c00000| 99%| O|  |TAMS 0x00000000c0bffff0, 0x00000000c0b00000| Untracked 
|  12|0x00000000c0c00000, 0x00000000c0cffff0, 0x00000000c0d00000| 99%| O|  |TAMS 0x00000000c0cffff0, 0x00000000c0c00000| Untracked 
|  13|0x00000000c0d00000, 0x00000000c0e00000, 0x00000000c0e00000|100%| O|  |TAMS 0x00000000c0e00000, 0x00000000c0d00000| Untracked 
|  14|0x00000000c0e00000, 0x00000000c0effff8, 0x00000000c0f00000| 99%| O|  |TAMS 0x00000000c0effff8, 0x00000000c0e00000| Untracked 
|  15|0x00000000c0f00000, 0x00000000c1000000, 0x00000000c1000000|100%| O|  |TAMS 0x00000000c1000000, 0x00000000c0f00000| Untracked 
|  16|0x00000000c1000000, 0x00000000c1100000, 0x00000000c1100000|100%| O|  |TAMS 0x00000000c1100000, 0x00000000c1000000| Untracked 
|  17|0x00000000c1100000, 0x00000000c11fffc8, 0x00000000c1200000| 99%| O|  |TAMS 0x00000000c11fffc8, 0x00000000c1100000| Untracked 
|  18|0x00000000c1200000, 0x00000000c12ffff8, 0x00000000c1300000| 99%| O|  |TAMS 0x00000000c12ffff8, 0x00000000c1200000| Untracked 
|  19|0x00000000c1300000, 0x00000000c13ffff0, 0x00000000c1400000| 99%| O|  |TAMS 0x00000000c13ffff0, 0x00000000c1300000| Untracked 
|  20|0x00000000c1400000, 0x00000000c14ffff8, 0x00000000c1500000| 99%| O|  |TAMS 0x00000000c14ffff8, 0x00000000c1400000| Untracked 
|  21|0x00000000c1500000, 0x00000000c15ffff0, 0x00000000c1600000| 99%| O|  |TAMS 0x00000000c15ffff0, 0x00000000c1500000| Untracked 
|  22|0x00000000c1600000, 0x00000000c16ffff0, 0x00000000c1700000| 99%| O|  |TAMS 0x00000000c16ffff0, 0x00000000c1600000| Untracked 
|  23|0x00000000c1700000, 0x00000000c17fffd0, 0x00000000c1800000| 99%| O|  |TAMS 0x00000000c17fffd0, 0x00000000c1700000| Untracked 
|  24|0x00000000c1800000, 0x00000000c18ffff8, 0x00000000c1900000| 99%| O|  |TAMS 0x00000000c18ffff8, 0x00000000c1800000| Untracked 
|  25|0x00000000c1900000, 0x00000000c1a00000, 0x00000000c1a00000|100%| O|  |TAMS 0x00000000c1a00000, 0x00000000c1900000| Untracked 
|  26|0x00000000c1a00000, 0x00000000c1afffc0, 0x00000000c1b00000| 99%| O|  |TAMS 0x00000000c1afffc0, 0x00000000c1a00000| Untracked 
|  27|0x00000000c1b00000, 0x00000000c1bfffe0, 0x00000000c1c00000| 99%| O|  |TAMS 0x00000000c1bfffe0, 0x00000000c1b00000| Untracked 
|  28|0x00000000c1c00000, 0x00000000c1cfba20, 0x00000000c1d00000| 98%| O|  |TAMS 0x00000000c1cfba20, 0x00000000c1c00000| Untracked 
|  29|0x00000000c1d00000, 0x00000000c1dffff8, 0x00000000c1e00000| 99%| O|  |TAMS 0x00000000c1dffff8, 0x00000000c1d00000| Untracked 
|  30|0x00000000c1e00000, 0x00000000c1efff50, 0x00000000c1f00000| 99%| O|  |TAMS 0x00000000c1efff50, 0x00000000c1e00000| Untracked 
|  31|0x00000000c1f00000, 0x00000000c2000000, 0x00000000c2000000|100%| O|  |TAMS 0x00000000c2000000, 0x00000000c1f00000| Untracked 
|  32|0x00000000c2000000, 0x00000000c2006af0, 0x00000000c2100000|  2%| O|  |TAMS 0x00000000c2000000, 0x00000000c2000000| Untracked 
|  33|0x00000000c2100000, 0x00000000c21fffd0, 0x00000000c2200000| 99%| O|  |TAMS 0x00000000c21fffd0, 0x00000000c2100000| Untracked 
|  34|0x00000000c2200000, 0x00000000c2200000, 0x00000000c2300000|  0%| F|  |TAMS 0x00000000c2200000, 0x00000000c2200000| Untracked 
|  35|0x00000000c2300000, 0x00000000c2300000, 0x00000000c2400000|  0%| F|  |TAMS 0x00000000c2300000, 0x00000000c2300000| Untracked 
|  36|0x00000000c2400000, 0x00000000c24ffff0, 0x00000000c2500000| 99%| O|  |TAMS 0x00000000c24ffff0, 0x00000000c2400000| Untracked 
|  37|0x00000000c2500000, 0x00000000c2500000, 0x00000000c2600000|  0%| F|  |TAMS 0x00000000c2500000, 0x00000000c2500000| Untracked 
|  38|0x00000000c2600000, 0x00000000c2600000, 0x00000000c2700000|  0%| F|  |TAMS 0x00000000c2600000, 0x00000000c2600000| Untracked 
|  39|0x00000000c2700000, 0x00000000c2700000, 0x00000000c2800000|  0%| F|  |TAMS 0x00000000c2700000, 0x00000000c2700000| Untracked 
|  40|0x00000000c2800000, 0x00000000c2800000, 0x00000000c2900000|  0%| F|  |TAMS 0x00000000c2800000, 0x00000000c2800000| Untracked 
|  41|0x00000000c2900000, 0x00000000c2900000, 0x00000000c2a00000|  0%| F|  |TAMS 0x00000000c2900000, 0x00000000c2900000| Untracked 
|  42|0x00000000c2a00000, 0x00000000c2a00000, 0x00000000c2b00000|  0%| F|  |TAMS 0x00000000c2a00000, 0x00000000c2a00000| Untracked 
|  43|0x00000000c2b00000, 0x00000000c2b00000, 0x00000000c2c00000|  0%| F|  |TAMS 0x00000000c2b00000, 0x00000000c2b00000| Untracked 
|  44|0x00000000c2c00000, 0x00000000c2c00000, 0x00000000c2d00000|  0%| F|  |TAMS 0x00000000c2c00000, 0x00000000c2c00000| Untracked 
|  45|0x00000000c2d00000, 0x00000000c2d00000, 0x00000000c2e00000|  0%| F|  |TAMS 0x00000000c2d00000, 0x00000000c2d00000| Untracked 
|  46|0x00000000c2e00000, 0x00000000c2e00000, 0x00000000c2f00000|  0%| F|  |TAMS 0x00000000c2e00000, 0x00000000c2e00000| Untracked 
|  47|0x00000000c2f00000, 0x00000000c2f00000, 0x00000000c3000000|  0%| F|  |TAMS 0x00000000c2f00000, 0x00000000c2f00000| Untracked 
|  48|0x00000000c3000000, 0x00000000c3000000, 0x00000000c3100000|  0%| F|  |TAMS 0x00000000c3000000, 0x00000000c3000000| Untracked 
|  49|0x00000000c3100000, 0x00000000c3100000, 0x00000000c3200000|  0%| F|  |TAMS 0x00000000c3100000, 0x00000000c3100000| Untracked 
|  50|0x00000000c3200000, 0x00000000c3200000, 0x00000000c3300000|  0%| F|  |TAMS 0x00000000c3200000, 0x00000000c3200000| Untracked 
|  51|0x00000000c3300000, 0x00000000c3300000, 0x00000000c3400000|  0%| F|  |TAMS 0x00000000c3300000, 0x00000000c3300000| Untracked 
|  52|0x00000000c3400000, 0x00000000c3400000, 0x00000000c3500000|  0%| F|  |TAMS 0x00000000c3400000, 0x00000000c3400000| Untracked 
|  53|0x00000000c3500000, 0x00000000c3500000, 0x00000000c3600000|  0%| F|  |TAMS 0x00000000c3500000, 0x00000000c3500000| Untracked 
|  54|0x00000000c3600000, 0x00000000c3600000, 0x00000000c3700000|  0%| F|  |TAMS 0x00000000c3600000, 0x00000000c3600000| Untracked 
|  55|0x00000000c3700000, 0x00000000c3700000, 0x00000000c3800000|  0%| F|  |TAMS 0x00000000c3700000, 0x00000000c3700000| Untracked 
|  56|0x00000000c3800000, 0x00000000c3800000, 0x00000000c3900000|  0%| F|  |TAMS 0x00000000c3800000, 0x00000000c3800000| Untracked 
|  57|0x00000000c3900000, 0x00000000c3900000, 0x00000000c3a00000|  0%| F|  |TAMS 0x00000000c3900000, 0x00000000c3900000| Untracked 
|  58|0x00000000c3a00000, 0x00000000c3a00000, 0x00000000c3b00000|  0%| F|  |TAMS 0x00000000c3a00000, 0x00000000c3a00000| Untracked 
|  59|0x00000000c3b00000, 0x00000000c3b00000, 0x00000000c3c00000|  0%| F|  |TAMS 0x00000000c3b00000, 0x00000000c3b00000| Untracked 
|  60|0x00000000c3c00000, 0x00000000c3c00000, 0x00000000c3d00000|  0%| F|  |TAMS 0x00000000c3c00000, 0x00000000c3c00000| Untracked 
|  61|0x00000000c3d00000, 0x00000000c3d00000, 0x00000000c3e00000|  0%| F|  |TAMS 0x00000000c3d00000, 0x00000000c3d00000| Untracked 
|  62|0x00000000c3e00000, 0x00000000c3e00000, 0x00000000c3f00000|  0%| F|  |TAMS 0x00000000c3e00000, 0x00000000c3e00000| Untracked 
|  63|0x00000000c3f00000, 0x00000000c3f00000, 0x00000000c4000000|  0%| F|  |TAMS 0x00000000c3f00000, 0x00000000c3f00000| Untracked 
|  64|0x00000000c4000000, 0x00000000c4000000, 0x00000000c4100000|  0%| F|  |TAMS 0x00000000c4000000, 0x00000000c4000000| Untracked 
|  65|0x00000000c4100000, 0x00000000c4100000, 0x00000000c4200000|  0%| F|  |TAMS 0x00000000c4100000, 0x00000000c4100000| Untracked 
|  66|0x00000000c4200000, 0x00000000c4200000, 0x00000000c4300000|  0%| F|  |TAMS 0x00000000c4200000, 0x00000000c4200000| Untracked 
|  67|0x00000000c4300000, 0x00000000c4300000, 0x00000000c4400000|  0%| F|  |TAMS 0x00000000c4300000, 0x00000000c4300000| Untracked 
|  68|0x00000000c4400000, 0x00000000c4400000, 0x00000000c4500000|  0%| F|  |TAMS 0x00000000c4400000, 0x00000000c4400000| Untracked 
|  69|0x00000000c4500000, 0x00000000c4500000, 0x00000000c4600000|  0%| F|  |TAMS 0x00000000c4500000, 0x00000000c4500000| Untracked 
|  70|0x00000000c4600000, 0x00000000c4600000, 0x00000000c4700000|  0%| F|  |TAMS 0x00000000c4600000, 0x00000000c4600000| Untracked 
|  71|0x00000000c4700000, 0x00000000c4700000, 0x00000000c4800000|  0%| F|  |TAMS 0x00000000c4700000, 0x00000000c4700000| Untracked 
|  72|0x00000000c4800000, 0x00000000c4800000, 0x00000000c4900000|  0%| F|  |TAMS 0x00000000c4800000, 0x00000000c4800000| Untracked 
|  73|0x00000000c4900000, 0x00000000c4900000, 0x00000000c4a00000|  0%| F|  |TAMS 0x00000000c4900000, 0x00000000c4900000| Untracked 
|  74|0x00000000c4a00000, 0x00000000c4a00000, 0x00000000c4b00000|  0%| F|  |TAMS 0x00000000c4a00000, 0x00000000c4a00000| Untracked 
|  75|0x00000000c4b00000, 0x00000000c4b00000, 0x00000000c4c00000|  0%| F|  |TAMS 0x00000000c4b00000, 0x00000000c4b00000| Untracked 
|  76|0x00000000c4c00000, 0x00000000c4c00000, 0x00000000c4d00000|  0%| F|  |TAMS 0x00000000c4c00000, 0x00000000c4c00000| Untracked 
|  77|0x00000000c4d00000, 0x00000000c4d00000, 0x00000000c4e00000|  0%| F|  |TAMS 0x00000000c4d00000, 0x00000000c4d00000| Untracked 
|  78|0x00000000c4e00000, 0x00000000c4e00000, 0x00000000c4f00000|  0%| F|  |TAMS 0x00000000c4e00000, 0x00000000c4e00000| Untracked 
|  79|0x00000000c4f00000, 0x00000000c4f00000, 0x00000000c5000000|  0%| F|  |TAMS 0x00000000c4f00000, 0x00000000c4f00000| Untracked 
|  80|0x00000000c5000000, 0x00000000c5000000, 0x00000000c5100000|  0%| F|  |TAMS 0x00000000c5000000, 0x00000000c5000000| Untracked 
|  81|0x00000000c5100000, 0x00000000c5100000, 0x00000000c5200000|  0%| F|  |TAMS 0x00000000c5100000, 0x00000000c5100000| Untracked 
|  82|0x00000000c5200000, 0x00000000c5200000, 0x00000000c5300000|  0%| F|  |TAMS 0x00000000c5200000, 0x00000000c5200000| Untracked 
|  83|0x00000000c5300000, 0x00000000c5300000, 0x00000000c5400000|  0%| F|  |TAMS 0x00000000c5300000, 0x00000000c5300000| Untracked 
|  84|0x00000000c5400000, 0x00000000c5400000, 0x00000000c5500000|  0%| F|  |TAMS 0x00000000c5400000, 0x00000000c5400000| Untracked 
|  85|0x00000000c5500000, 0x00000000c5500000, 0x00000000c5600000|  0%| F|  |TAMS 0x00000000c5500000, 0x00000000c5500000| Untracked 
|  86|0x00000000c5600000, 0x00000000c5600000, 0x00000000c5700000|  0%| F|  |TAMS 0x00000000c5600000, 0x00000000c5600000| Untracked 
|  87|0x00000000c5700000, 0x00000000c5700000, 0x00000000c5800000|  0%| F|  |TAMS 0x00000000c5700000, 0x00000000c5700000| Untracked 
|  88|0x00000000c5800000, 0x00000000c5800000, 0x00000000c5900000|  0%| F|  |TAMS 0x00000000c5800000, 0x00000000c5800000| Untracked 
|  89|0x00000000c5900000, 0x00000000c5900000, 0x00000000c5a00000|  0%| F|  |TAMS 0x00000000c5900000, 0x00000000c5900000| Untracked 
|  90|0x00000000c5a00000, 0x00000000c5a00000, 0x00000000c5b00000|  0%| F|  |TAMS 0x00000000c5a00000, 0x00000000c5a00000| Untracked 
|  91|0x00000000c5b00000, 0x00000000c5b00000, 0x00000000c5c00000|  0%| F|  |TAMS 0x00000000c5b00000, 0x00000000c5b00000| Untracked 
|  92|0x00000000c5c00000, 0x00000000c5c00000, 0x00000000c5d00000|  0%| F|  |TAMS 0x00000000c5c00000, 0x00000000c5c00000| Untracked 
|  93|0x00000000c5d00000, 0x00000000c5d00000, 0x00000000c5e00000|  0%| F|  |TAMS 0x00000000c5d00000, 0x00000000c5d00000| Untracked 
|  94|0x00000000c5e00000, 0x00000000c5e00000, 0x00000000c5f00000|  0%| F|  |TAMS 0x00000000c5e00000, 0x00000000c5e00000| Untracked 
|  95|0x00000000c5f00000, 0x00000000c5f00000, 0x00000000c6000000|  0%| F|  |TAMS 0x00000000c5f00000, 0x00000000c5f00000| Untracked 
|  96|0x00000000c6000000, 0x00000000c6000000, 0x00000000c6100000|  0%| F|  |TAMS 0x00000000c6000000, 0x00000000c6000000| Untracked 
|  97|0x00000000c6100000, 0x00000000c6100000, 0x00000000c6200000|  0%| F|  |TAMS 0x00000000c6100000, 0x00000000c6100000| Untracked 
|  98|0x00000000c6200000, 0x00000000c6200000, 0x00000000c6300000|  0%| F|  |TAMS 0x00000000c6200000, 0x00000000c6200000| Untracked 
|  99|0x00000000c6300000, 0x00000000c6300000, 0x00000000c6400000|  0%| F|  |TAMS 0x00000000c6300000, 0x00000000c6300000| Untracked 
| 100|0x00000000c6400000, 0x00000000c6400000, 0x00000000c6500000|  0%| F|  |TAMS 0x00000000c6400000, 0x00000000c6400000| Untracked 
| 101|0x00000000c6500000, 0x00000000c6500000, 0x00000000c6600000|  0%| F|  |TAMS 0x00000000c6500000, 0x00000000c6500000| Untracked 
| 102|0x00000000c6600000, 0x00000000c6600000, 0x00000000c6700000|  0%| F|  |TAMS 0x00000000c6600000, 0x00000000c6600000| Untracked 
| 103|0x00000000c6700000, 0x00000000c6700000, 0x00000000c6800000|  0%| F|  |TAMS 0x00000000c6700000, 0x00000000c6700000| Untracked 
| 104|0x00000000c6800000, 0x00000000c6800000, 0x00000000c6900000|  0%| F|  |TAMS 0x00000000c6800000, 0x00000000c6800000| Untracked 
| 105|0x00000000c6900000, 0x00000000c6900000, 0x00000000c6a00000|  0%| F|  |TAMS 0x00000000c6900000, 0x00000000c6900000| Untracked 
| 106|0x00000000c6a00000, 0x00000000c6a00000, 0x00000000c6b00000|  0%| F|  |TAMS 0x00000000c6a00000, 0x00000000c6a00000| Untracked 
| 107|0x00000000c6b00000, 0x00000000c6b00000, 0x00000000c6c00000|  0%| F|  |TAMS 0x00000000c6b00000, 0x00000000c6b00000| Untracked 
| 108|0x00000000c6c00000, 0x00000000c6c00000, 0x00000000c6d00000|  0%| F|  |TAMS 0x00000000c6c00000, 0x00000000c6c00000| Untracked 
| 109|0x00000000c6d00000, 0x00000000c6d00000, 0x00000000c6e00000|  0%| F|  |TAMS 0x00000000c6d00000, 0x00000000c6d00000| Untracked 
| 110|0x00000000c6e00000, 0x00000000c6e00000, 0x00000000c6f00000|  0%| F|  |TAMS 0x00000000c6e00000, 0x00000000c6e00000| Untracked 
| 111|0x00000000c6f00000, 0x00000000c6f00000, 0x00000000c7000000|  0%| F|  |TAMS 0x00000000c6f00000, 0x00000000c6f00000| Untracked 
| 112|0x00000000c7000000, 0x00000000c7000000, 0x00000000c7100000|  0%| F|  |TAMS 0x00000000c7000000, 0x00000000c7000000| Untracked 
| 113|0x00000000c7100000, 0x00000000c7100000, 0x00000000c7200000|  0%| F|  |TAMS 0x00000000c7100000, 0x00000000c7100000| Untracked 
| 114|0x00000000c7200000, 0x00000000c7200000, 0x00000000c7300000|  0%| F|  |TAMS 0x00000000c7200000, 0x00000000c7200000| Untracked 
| 115|0x00000000c7300000, 0x00000000c7300000, 0x00000000c7400000|  0%| F|  |TAMS 0x00000000c7300000, 0x00000000c7300000| Untracked 
| 116|0x00000000c7400000, 0x00000000c7424a00, 0x00000000c7500000| 14%| E|  |TAMS 0x00000000c7400000, 0x00000000c7400000| Complete 

Card table byte_map: [0x000001e74cab0000,0x000001e74ccb0000] _byte_map_base: 0x000001e74c4b0000

Marking Bits (Prev, Next): (CMBitMap*) 0x000001e746604580, (CMBitMap*) 0x000001e7466045c0
 Prev Bits: [0x000001e74ceb0000, 0x000001e74deb0000)
 Next Bits: [0x000001e74deb0000, 0x000001e74eeb0000)

Polling page: 0x000001e744580000

Metaspace:

Usage:
  Non-class:     47.37 MB used.
      Class:      7.85 MB used.
       Both:     55.23 MB used.

Virtual space:
  Non-class space:       64.00 MB reserved,      47.88 MB ( 75%) committed,  1 nodes.
      Class space:        1.00 GB reserved,       8.12 MB ( <1%) committed,  1 nodes.
             Both:        1.06 GB reserved,      56.00 MB (  5%) committed. 

Chunk freelists:
   Non-Class:  15.87 MB
       Class:  7.93 MB
        Both:  23.81 MB

MaxMetaspaceSize: unlimited
CompressedClassSpaceSize: 1.00 GB
Initial GC threshold: 21.00 MB
Current GC threshold: 93.38 MB
CDS: off
MetaspaceReclaimPolicy: balanced
 - commit_granule_bytes: 65536.
 - commit_granule_words: 8192.
 - virtual_space_node_default_size: 8388608.
 - enlarge_chunks_in_place: 1.
 - new_chunks_are_fully_committed: 0.
 - uncommit_free_chunks: 1.
 - use_allocation_guard: 0.
 - handle_deallocations: 1.


Internal statistics:

num_allocs_failed_limit: 6.
num_arena_births: 656.
num_arena_deaths: 222.
num_vsnodes_births: 2.
num_vsnodes_deaths: 0.
num_space_committed: 896.
num_space_uncommitted: 0.
num_chunks_returned_to_freelist: 277.
num_chunks_taken_from_freelist: 2413.
num_chunk_merges: 91.
num_chunk_splits: 1674.
num_chunks_enlarged: 1262.
num_inconsistent_stats: 0.

CodeCache: size=49152Kb used=14237Kb max_used=16802Kb free=34914Kb
 bounds [0x000001e749250000, 0x000001e74a2c0000, 0x000001e74c250000]
 total_blobs=8448 nmethods=7827 adapters=548
 compilation: enabled
              stopped_count=0, restarted_count=0
 full_count=0

Compilation events (20 events):
Event: 2678.960 Thread 0x000001e756076dd0 7815       1       java.lang.ProcessImpl$2::run (5 bytes)
Event: 2678.961 Thread 0x000001e756076dd0 nmethod 7815 0x000001e74944bc10 code [0x000001e74944bda0, 0x000001e74944be88]
Event: 2678.961 Thread 0x000001e756076dd0 7816       1       java.lang.ProcessImpl$2::run (242 bytes)
Event: 2678.961 Thread 0x000001e756076dd0 nmethod 7816 0x000001e74944a590 code [0x000001e74944a840, 0x000001e74944b5d8]
Event: 2678.961 Thread 0x000001e756076dd0 7817       1       java.lang.ProcessImpl::waitFor (136 bytes)
Event: 2678.962 Thread 0x000001e756076dd0 nmethod 7817 0x000001e749449d10 code [0x000001e749449f20, 0x000001e74944a338]
Event: 2679.170 Thread 0x000001e756076dd0 7819   !   1       java.io.FilterOutputStream::close (183 bytes)
Event: 2679.212 Thread 0x000001e756076dd0 nmethod 7819 0x000001e749448b90 code [0x000001e749448da0, 0x000001e749449278]
Event: 2679.212 Thread 0x000001e756076dd0 7820   !   1       java.io.FileOutputStream::close (69 bytes)
Event: 2679.212 Thread 0x000001e756076dd0 nmethod 7820 0x000001e749448510 code [0x000001e7494486e0, 0x000001e749448a58]
Event: 2679.212 Thread 0x000001e756076dd0 7821       1       java.io.FileOutputStream$1::<init> (10 bytes)
Event: 2679.213 Thread 0x000001e756076dd0 nmethod 7821 0x000001e749448210 code [0x000001e7494483a0, 0x000001e7494484b8]
Event: 2679.213 Thread 0x000001e756076dd0 7822       1       java.io.FileOutputStream$1::close (11 bytes)
Event: 2679.213 Thread 0x000001e756076dd0 nmethod 7822 0x000001e749447b90 code [0x000001e749447d40, 0x000001e749448058]
Event: 2679.213 Thread 0x000001e756076dd0 7824       1       java.lang.ProcessImpl$$Lambda$953/0x0000000100667588::run (8 bytes)
Event: 2679.213 Thread 0x000001e756076dd0 nmethod 7824 0x000001e749447890 code [0x000001e749447a20, 0x000001e749447b08]
Event: 2679.213 Thread 0x000001e756076dd0 7825       1       java.lang.ProcessImpl::lambda$new$0 (6 bytes)
Event: 2679.213 Thread 0x000001e756076dd0 nmethod 7825 0x000001e749447590 code [0x000001e749447720, 0x000001e7494477e8]
Event: 8926.923 Thread 0x000001e756076dd0 7827       1       java.nio.charset.Charset::forName (20 bytes)
Event: 8926.924 Thread 0x000001e756076dd0 nmethod 7827 0x000001e749447190 code [0x000001e749447340, 0x000001e7494474b8]

GC Heap History (20 events):
Event: 36983.417 GC heap before
{Heap before GC invocations=3651 (full 3595):
 garbage-first heap   total 119808K, used 34824K [0x00000000c0000000, 0x0000000100000000)
  region size 1024K, 1 young (1024K), 0 survivors (0K)
 Metaspace       used 56552K, committed 57344K, reserved 1114112K
  class space    used 8042K, committed 8320K, reserved 1048576K
}
Event: 36983.458 GC heap after
{Heap after GC invocations=3652 (full 3596):
 garbage-first heap   total 119808K, used 34824K [0x00000000c0000000, 0x0000000100000000)
  region size 1024K, 0 young (0K), 0 survivors (0K)
 Metaspace       used 56552K, committed 57344K, reserved 1114112K
  class space    used 8042K, committed 8320K, reserved 1048576K
}
Event: 36993.748 GC heap before
{Heap before GC invocations=3652 (full 3596):
 garbage-first heap   total 119808K, used 34824K [0x00000000c0000000, 0x0000000100000000)
  region size 1024K, 1 young (1024K), 0 survivors (0K)
 Metaspace       used 56552K, committed 57344K, reserved 1114112K
  class space    used 8042K, committed 8320K, reserved 1048576K
}
Event: 36993.796 GC heap after
{Heap after GC invocations=3653 (full 3597):
 garbage-first heap   total 119808K, used 34824K [0x00000000c0000000, 0x0000000100000000)
  region size 1024K, 0 young (0K), 0 survivors (0K)
 Metaspace       used 56552K, committed 57344K, reserved 1114112K
  class space    used 8042K, committed 8320K, reserved 1048576K
}
Event: 37004.045 GC heap before
{Heap before GC invocations=3653 (full 3597):
 garbage-first heap   total 119808K, used 34824K [0x00000000c0000000, 0x0000000100000000)
  region size 1024K, 1 young (1024K), 0 survivors (0K)
 Metaspace       used 56552K, committed 57344K, reserved 1114112K
  class space    used 8042K, committed 8320K, reserved 1048576K
}
Event: 37004.098 GC heap after
{Heap after GC invocations=3654 (full 3598):
 garbage-first heap   total 119808K, used 34824K [0x00000000c0000000, 0x0000000100000000)
  region size 1024K, 0 young (0K), 0 survivors (0K)
 Metaspace       used 56552K, committed 57344K, reserved 1114112K
  class space    used 8042K, committed 8320K, reserved 1048576K
}
Event: 37014.341 GC heap before
{Heap before GC invocations=3654 (full 3598):
 garbage-first heap   total 119808K, used 34824K [0x00000000c0000000, 0x0000000100000000)
  region size 1024K, 1 young (1024K), 0 survivors (0K)
 Metaspace       used 56552K, committed 57344K, reserved 1114112K
  class space    used 8042K, committed 8320K, reserved 1048576K
}
Event: 37014.383 GC heap after
{Heap after GC invocations=3655 (full 3599):
 garbage-first heap   total 119808K, used 34824K [0x00000000c0000000, 0x0000000100000000)
  region size 1024K, 0 young (0K), 0 survivors (0K)
 Metaspace       used 56552K, committed 57344K, reserved 1114112K
  class space    used 8042K, committed 8320K, reserved 1048576K
}
Event: 37024.640 GC heap before
{Heap before GC invocations=3655 (full 3599):
 garbage-first heap   total 119808K, used 34824K [0x00000000c0000000, 0x0000000100000000)
  region size 1024K, 1 young (1024K), 0 survivors (0K)
 Metaspace       used 56552K, committed 57344K, reserved 1114112K
  class space    used 8042K, committed 8320K, reserved 1048576K
}
Event: 37024.685 GC heap after
{Heap after GC invocations=3656 (full 3600):
 garbage-first heap   total 119808K, used 34824K [0x00000000c0000000, 0x0000000100000000)
  region size 1024K, 0 young (0K), 0 survivors (0K)
 Metaspace       used 56552K, committed 57344K, reserved 1114112K
  class space    used 8042K, committed 8320K, reserved 1048576K
}
Event: 37034.939 GC heap before
{Heap before GC invocations=3656 (full 3600):
 garbage-first heap   total 119808K, used 34824K [0x00000000c0000000, 0x0000000100000000)
  region size 1024K, 1 young (1024K), 0 survivors (0K)
 Metaspace       used 56552K, committed 57344K, reserved 1114112K
  class space    used 8042K, committed 8320K, reserved 1048576K
}
Event: 37034.980 GC heap after
{Heap after GC invocations=3657 (full 3601):
 garbage-first heap   total 119808K, used 34824K [0x00000000c0000000, 0x0000000100000000)
  region size 1024K, 0 young (0K), 0 survivors (0K)
 Metaspace       used 56552K, committed 57344K, reserved 1114112K
  class space    used 8042K, committed 8320K, reserved 1048576K
}
Event: 37045.231 GC heap before
{Heap before GC invocations=3657 (full 3601):
 garbage-first heap   total 119808K, used 34824K [0x00000000c0000000, 0x0000000100000000)
  region size 1024K, 1 young (1024K), 0 survivors (0K)
 Metaspace       used 56552K, committed 57344K, reserved 1114112K
  class space    used 8042K, committed 8320K, reserved 1048576K
}
Event: 37045.274 GC heap after
{Heap after GC invocations=3658 (full 3602):
 garbage-first heap   total 119808K, used 34824K [0x00000000c0000000, 0x0000000100000000)
  region size 1024K, 0 young (0K), 0 survivors (0K)
 Metaspace       used 56552K, committed 57344K, reserved 1114112K
  class space    used 8042K, committed 8320K, reserved 1048576K
}
Event: 37055.521 GC heap before
{Heap before GC invocations=3658 (full 3602):
 garbage-first heap   total 119808K, used 34824K [0x00000000c0000000, 0x0000000100000000)
  region size 1024K, 1 young (1024K), 0 survivors (0K)
 Metaspace       used 56552K, committed 57344K, reserved 1114112K
  class space    used 8042K, committed 8320K, reserved 1048576K
}
Event: 37055.568 GC heap after
{Heap after GC invocations=3659 (full 3603):
 garbage-first heap   total 119808K, used 34824K [0x00000000c0000000, 0x0000000100000000)
  region size 1024K, 0 young (0K), 0 survivors (0K)
 Metaspace       used 56552K, committed 57344K, reserved 1114112K
  class space    used 8042K, committed 8320K, reserved 1048576K
}
Event: 37065.901 GC heap before
{Heap before GC invocations=3659 (full 3603):
 garbage-first heap   total 119808K, used 34824K [0x00000000c0000000, 0x0000000100000000)
  region size 1024K, 1 young (1024K), 0 survivors (0K)
 Metaspace       used 56552K, committed 57344K, reserved 1114112K
  class space    used 8042K, committed 8320K, reserved 1048576K
}
Event: 37065.956 GC heap after
{Heap after GC invocations=3660 (full 3604):
 garbage-first heap   total 119808K, used 34824K [0x00000000c0000000, 0x0000000100000000)
  region size 1024K, 0 young (0K), 0 survivors (0K)
 Metaspace       used 56552K, committed 57344K, reserved 1114112K
  class space    used 8042K, committed 8320K, reserved 1048576K
}
Event: 37076.221 GC heap before
{Heap before GC invocations=3660 (full 3604):
 garbage-first heap   total 119808K, used 34824K [0x00000000c0000000, 0x0000000100000000)
  region size 1024K, 1 young (1024K), 0 survivors (0K)
 Metaspace       used 56552K, committed 57344K, reserved 1114112K
  class space    used 8042K, committed 8320K, reserved 1048576K
}
Event: 37076.266 GC heap after
{Heap after GC invocations=3661 (full 3605):
 garbage-first heap   total 119808K, used 34824K [0x00000000c0000000, 0x0000000100000000)
  region size 1024K, 0 young (0K), 0 survivors (0K)
 Metaspace       used 56552K, committed 57344K, reserved 1114112K
  class space    used 8042K, committed 8320K, reserved 1048576K
}

Dll operation events (9 events):
Event: 0.021 Loaded shared library c:\Users\user1\.vscode\extensions\redhat.java-1.21.0-win32-x64\jre\17.0.7-win32-x86_64\bin\java.dll
Event: 0.544 Loaded shared library C:\Users\user1\.vscode\extensions\redhat.java-1.21.0-win32-x64\jre\17.0.7-win32-x86_64\bin\net.dll
Event: 0.550 Loaded shared library C:\Users\user1\.vscode\extensions\redhat.java-1.21.0-win32-x64\jre\17.0.7-win32-x86_64\bin\nio.dll
Event: 0.566 Loaded shared library C:\Users\user1\.vscode\extensions\redhat.java-1.21.0-win32-x64\jre\17.0.7-win32-x86_64\bin\zip.dll
Event: 2.772 Loaded shared library C:\Users\user1\.vscode\extensions\redhat.java-1.21.0-win32-x64\jre\17.0.7-win32-x86_64\bin\jimage.dll
Event: 6.073 Loaded shared library C:\Users\user1\.vscode\extensions\redhat.java-1.21.0-win32-x64\jre\17.0.7-win32-x86_64\bin\management.dll
Event: 6.077 Loaded shared library C:\Users\user1\.vscode\extensions\redhat.java-1.21.0-win32-x64\jre\17.0.7-win32-x86_64\bin\management_ext.dll
Event: 7.209 Loaded shared library C:\Users\user1\.vscode\extensions\redhat.java-1.21.0-win32-x64\jre\17.0.7-win32-x86_64\bin\sunmscapi.dll
Event: 16.096 Loaded shared library c:\Users\user1\.vscode\extensions\redhat.java-1.21.0-win32-x64\jre\17.0.7-win32-x86_64\bin\verify.dll

Deoptimization events (20 events):
Event: 6.418 Thread 0x000001e7561d7ad0 DEOPT PACKING pc=0x000001e749929f01 sp=0x000000afd9ffdb60
Event: 6.418 Thread 0x000001e7561d7ad0 DEOPT UNPACKING pc=0x000001e7492a7143 sp=0x000000afd9ffcff0 mode 3
Event: 6.456 Thread 0x000001e757918bc0 DEOPT PACKING pc=0x000001e74990b697 sp=0x000000afda0ff040
Event: 6.456 Thread 0x000001e757918bc0 DEOPT UNPACKING pc=0x000001e7492a7143 sp=0x000000afda0fe498 mode 3
Event: 7.201 Thread 0x000001e757b0cee0 DEOPT PACKING pc=0x000001e7494cb80c sp=0x000000afdc4feb80
Event: 7.201 Thread 0x000001e757b0cee0 DEOPT UNPACKING pc=0x000001e7492a7143 sp=0x000000afdc4fe048 mode 0
Event: 17.156 Thread 0x000001e75791efc0 DEOPT PACKING pc=0x000001e74a200994 sp=0x000000afda4fd960
Event: 17.156 Thread 0x000001e75791efc0 DEOPT UNPACKING pc=0x000001e7492a7143 sp=0x000000afda4fce90 mode 0
Event: 17.156 Thread 0x000001e75791efc0 DEOPT PACKING pc=0x000001e74a22b89c sp=0x000000afda4fdb90
Event: 17.156 Thread 0x000001e75791efc0 DEOPT UNPACKING pc=0x000001e7492a7143 sp=0x000000afda4fd098 mode 0
Event: 17.156 Thread 0x000001e75791efc0 DEOPT PACKING pc=0x000001e74a1b4974 sp=0x000000afda4fdc80
Event: 17.156 Thread 0x000001e75791efc0 DEOPT UNPACKING pc=0x000001e7492a7143 sp=0x000000afda4fd178 mode 0
Event: 17.156 Thread 0x000001e75791efc0 DEOPT PACKING pc=0x000001e74a18a474 sp=0x000000afda4fdd50
Event: 17.156 Thread 0x000001e75791efc0 DEOPT UNPACKING pc=0x000001e7492a7143 sp=0x000000afda4fd228 mode 0
Event: 17.156 Thread 0x000001e75791efc0 DEOPT PACKING pc=0x000001e74a188c24 sp=0x000000afda4fde00
Event: 17.156 Thread 0x000001e75791efc0 DEOPT UNPACKING pc=0x000001e7492a7143 sp=0x000000afda4fd380 mode 0
Event: 17.157 Thread 0x000001e75791efc0 DEOPT PACKING pc=0x000001e74a1f812c sp=0x000000afda4fe120
Event: 17.157 Thread 0x000001e75791efc0 DEOPT UNPACKING pc=0x000001e7492a7143 sp=0x000000afda4fd5b0 mode 0
Event: 8926.913 Thread 0x000001e7561d7ad0 DEOPT PACKING pc=0x000001e7499ef1d4 sp=0x000000afd9fff070
Event: 8926.914 Thread 0x000001e7561d7ad0 DEOPT UNPACKING pc=0x000001e7492a7143 sp=0x000000afd9ffe518 mode 0

Classes unloaded (20 events):
Event: 118.010 Thread 0x000001e756013570 Unloading class 0x0000000100538000 'jdk/internal/reflect/GeneratedMethodAccessor17'
Event: 118.010 Thread 0x000001e756013570 Unloading class 0x00000001003a9400 'java/lang/invoke/LambdaForm$MH+0x00000001003a9400'
Event: 118.010 Thread 0x000001e756013570 Unloading class 0x00000001003a9000 'java/lang/invoke/LambdaForm$MH+0x00000001003a9000'
Event: 118.010 Thread 0x000001e756013570 Unloading class 0x00000001003a8c00 'java/lang/invoke/LambdaForm$MH+0x00000001003a8c00'
Event: 118.010 Thread 0x000001e756013570 Unloading class 0x000000010039ec00 'java/lang/invoke/LambdaForm$MH+0x000000010039ec00'
Event: 118.010 Thread 0x000001e756013570 Unloading class 0x000000010039e400 'java/lang/invoke/LambdaForm$MH+0x000000010039e400'
Event: 118.010 Thread 0x000001e756013570 Unloading class 0x000000010039e000 'java/lang/invoke/LambdaForm$MH+0x000000010039e000'
Event: 118.010 Thread 0x000001e756013570 Unloading class 0x000000010039dc00 'java/lang/invoke/LambdaForm$MH+0x000000010039dc00'
Event: 118.010 Thread 0x000001e756013570 Unloading class 0x000000010039d400 'java/lang/invoke/LambdaForm$MH+0x000000010039d400'
Event: 118.010 Thread 0x000001e756013570 Unloading class 0x000000010039d000 'java/lang/invoke/LambdaForm$MH+0x000000010039d000'
Event: 118.010 Thread 0x000001e756013570 Unloading class 0x000000010008b800 'java/lang/invoke/LambdaForm$MH+0x000000010008b800'
Event: 118.010 Thread 0x000001e756013570 Unloading class 0x000000010008b400 'java/lang/invoke/LambdaForm$MH+0x000000010008b400'
Event: 118.010 Thread 0x000001e756013570 Unloading class 0x000000010008b000 'java/lang/invoke/LambdaForm$MH+0x000000010008b000'
Event: 118.010 Thread 0x000001e756013570 Unloading class 0x000000010008ac00 'java/lang/invoke/LambdaForm$MH+0x000000010008ac00'
Event: 118.010 Thread 0x000001e756013570 Unloading class 0x000000010008a800 'java/lang/invoke/LambdaForm$MH+0x000000010008a800'
Event: 118.010 Thread 0x000001e756013570 Unloading class 0x000000010008a400 'java/lang/invoke/LambdaForm$MH+0x000000010008a400'
Event: 118.010 Thread 0x000001e756013570 Unloading class 0x0000000100089c00 'java/lang/invoke/LambdaForm$MH+0x0000000100089c00'
Event: 118.010 Thread 0x000001e756013570 Unloading class 0x0000000100089400 'java/lang/invoke/LambdaForm$MH+0x0000000100089400'
Event: 118.010 Thread 0x000001e756013570 Unloading class 0x0000000100088c00 'java/lang/invoke/LambdaForm$MH+0x0000000100088c00'
Event: 118.010 Thread 0x000001e756013570 Unloading class 0x0000000100088400 'java/lang/invoke/LambdaForm$MH+0x0000000100088400'

Classes redefined (0 events):
No events

Internal exceptions (20 events):
Event: 15.657 Thread 0x000001e75791c940 Exception <a 'sun/nio/fs/WindowsException'{0x00000000ef7d6b98}> (0x00000000ef7d6b98) 
thrown [s\src\hotspot\share\prims\jni.cpp, line 516]
Event: 15.657 Thread 0x000001e75791c940 Exception <a 'sun/nio/fs/WindowsException'{0x00000000ef7d6f40}> (0x00000000ef7d6f40) 
thrown [s\src\hotspot\share\prims\jni.cpp, line 516]
Event: 15.657 Thread 0x000001e75791c940 Exception <a 'sun/nio/fs/WindowsException'{0x00000000ef7d7938}> (0x00000000ef7d7938) 
thrown [s\src\hotspot\share\prims\jni.cpp, line 516]
Event: 15.657 Thread 0x000001e75791c940 Exception <a 'sun/nio/fs/WindowsException'{0x00000000ef7d7cf0}> (0x00000000ef7d7cf0) 
thrown [s\src\hotspot\share\prims\jni.cpp, line 516]
Event: 15.658 Thread 0x000001e75791c940 Exception <a 'sun/nio/fs/WindowsException'{0x00000000ef7d8700}> (0x00000000ef7d8700) 
thrown [s\src\hotspot\share\prims\jni.cpp, line 516]
Event: 15.658 Thread 0x000001e75791c940 Exception <a 'sun/nio/fs/WindowsException'{0x00000000ef7d8ad8}> (0x00000000ef7d8ad8) 
thrown [s\src\hotspot\share\prims\jni.cpp, line 516]
Event: 15.658 Thread 0x000001e75791c940 Exception <a 'sun/nio/fs/WindowsException'{0x00000000ef7d9500}> (0x00000000ef7d9500) 
thrown [s\src\hotspot\share\prims\jni.cpp, line 516]
Event: 15.659 Thread 0x000001e75791c940 Exception <a 'sun/nio/fs/WindowsException'{0x00000000ef7d98f0}> (0x00000000ef7d98f0) 
thrown [s\src\hotspot\share\prims\jni.cpp, line 516]
Event: 15.659 Thread 0x000001e75791c940 Exception <a 'sun/nio/fs/WindowsException'{0x00000000ef7da310}> (0x00000000ef7da310) 
thrown [s\src\hotspot\share\prims\jni.cpp, line 516]
Event: 15.659 Thread 0x000001e75791c940 Exception <a 'sun/nio/fs/WindowsException'{0x00000000ef7da6f8}> (0x00000000ef7da6f8) 
thrown [s\src\hotspot\share\prims\jni.cpp, line 516]
Event: 15.665 Thread 0x000001e75791ce10 Exception <a 'java/lang/NoSuchMethodError'{0x00000000ef6f1878}: 'java.lang.Object java.lang.invoke.Invokers$Holder.invoke_MT(java.lang.Object, java.lang.Object, java.lang.Object)'> (0x00000000ef6f1878) 
thrown [s\src\hotspot\share\interpreter\linkResolver.cpp, line 759]
Event: 15.782 Thread 0x000001e757b12f20 Exception <a 'sun/nio/fs/WindowsException'{0x00000000ed6958a0}> (0x00000000ed6958a0) 
thrown [s\src\hotspot\share\prims\jni.cpp, line 516]
Event: 15.783 Thread 0x000001e757b138c0 Exception <a 'sun/nio/fs/WindowsException'{0x00000000ed07f558}> (0x00000000ed07f558) 
thrown [s\src\hotspot\share\prims\jni.cpp, line 516]
Event: 15.783 Thread 0x000001e75791bfa0 Exception <a 'sun/nio/fs/WindowsException'{0x00000000ed1e3528}> (0x00000000ed1e3528) 
thrown [s\src\hotspot\share\prims\jni.cpp, line 516]
Event: 15.786 Thread 0x000001e757b0e6f0 Exception <a 'sun/nio/fs/WindowsException'{0x00000000eca44b48}> (0x00000000eca44b48) 
thrown [s\src\hotspot\share\prims\jni.cpp, line 516]
Event: 15.786 Thread 0x000001e757b12f20 Exception <a 'sun/nio/fs/WindowsException'{0x00000000ed6980c0}> (0x00000000ed6980c0) 
thrown [s\src\hotspot\share\prims\jni.cpp, line 516]
Event: 15.786 Thread 0x000001e75791dc80 Exception <a 'sun/nio/fs/WindowsException'{0x00000000ec500278}> (0x00000000ec500278) 
thrown [s\src\hotspot\share\prims\jni.cpp, line 516]
Event: 15.804 Thread 0x000001e75791efc0 Exception <a 'java/lang/NoSuchMethodError'{0x00000000ef752550}: 'void java.lang.invoke.DirectMethodHandle$Holder.invokeStatic(java.lang.Object, java.lang.Object, java.lang.Object, java.lang.Object, java.lang.Object, java.lang.Object, java.lang.Object)'> (0x00000000ef752550) 
thrown [s\src\hotspot\share\interpreter\linkResolver.cpp, line 759]
Event: 56.101 Thread 0x000001e756ac2030 Exception <a 'java/lang/NoSuchMethodError'{0x00000000e2f02470}: 'void java.lang.invoke.DirectMethodHandle$Holder.invokeStatic(java.lang.Object, long)'> (0x00000000e2f02470) 
thrown [s\src\hotspot\share\interpreter\linkResolver.cpp, line 759]
Event: 56.101 Thread 0x000001e756ac2030 Exception <a 'java/lang/NoSuchMethodError'{0x00000000e2f07818}: 'java.lang.Object java.lang.invoke.DirectMethodHandle$Holder.newInvokeSpecial(java.lang.Object, long)'> (0x00000000e2f07818) 
thrown [s\src\hotspot\share\interpreter\linkResolver.cpp, line 759]

VM Operations (20 events):
Event: 36983.459 Executing VM operation: G1CollectFull done
Event: 36993.748 Executing VM operation: G1CollectFull
Event: 36993.796 Executing VM operation: G1CollectFull done
Event: 37004.045 Executing VM operation: G1CollectFull
Event: 37004.098 Executing VM operation: G1CollectFull done
Event: 37014.341 Executing VM operation: G1CollectFull
Event: 37014.383 Executing VM operation: G1CollectFull done
Event: 37024.640 Executing VM operation: G1CollectFull
Event: 37024.685 Executing VM operation: G1CollectFull done
Event: 37034.939 Executing VM operation: G1CollectFull
Event: 37034.981 Executing VM operation: G1CollectFull done
Event: 37045.231 Executing VM operation: G1CollectFull
Event: 37045.274 Executing VM operation: G1CollectFull done
Event: 37055.521 Executing VM operation: G1CollectFull
Event: 37055.568 Executing VM operation: G1CollectFull done
Event: 37065.900 Executing VM operation: G1CollectFull
Event: 37065.956 Executing VM operation: G1CollectFull done
Event: 37076.221 Executing VM operation: G1CollectFull
Event: 37076.266 Executing VM operation: G1CollectFull done
Event: 37086.530 Executing VM operation: G1CollectFull

Events (20 events):
Event: 25.990 Thread 0x000001e757b10d70 Thread exited: 0x000001e757b10d70
Event: 36.035 Thread 0x000001e757b0d880 Thread exited: 0x000001e757b0d880
Event: 56.085 loading class java/lang/ProcessBuilder
Event: 56.086 loading class java/lang/ProcessBuilder done
Event: 56.086 loading class java/lang/ProcessImpl
Event: 56.086 loading class java/lang/ProcessImpl done
Event: 56.102 loading class java/lang/ProcessImpl$2
Event: 56.102 loading class java/lang/ProcessImpl$2 done
Event: 56.102 loading class java/lang/Process$PipeInputStream
Event: 56.102 loading class java/lang/Process$PipeInputStream done
Event: 56.103 loading class jdk/internal/event/ProcessStartEvent
Event: 56.103 loading class jdk/internal/event/ProcessStartEvent done
Event: 56.351 loading class java/io/FileOutputStream$1
Event: 56.352 loading class java/io/FileOutputStream$1 done
Event: 67.437 Thread 0x000001e75791ad90 Thread exited: 0x000001e75791ad90
Event: 67.437 Thread 0x000001e75791eaf0 Thread exited: 0x000001e75791eaf0
Event: 67.437 Thread 0x000001e75791a8c0 Thread exited: 0x000001e75791a8c0
Event: 77.709 Thread 0x000001e75791efc0 Thread exited: 0x000001e75791efc0
Event: 137.717 Thread 0x000001e757b0cee0 Thread exited: 0x000001e757b0cee0
Event: 197.721 Thread 0x000001e757b0c070 Thread exited: 0x000001e757b0c070


Dynamic libraries:
0x00007ff6323e0000 - 0x00007ff6323ee000 	c:\Users\user1\.vscode\extensions\redhat.java-1.21.0-win32-x64\jre\17.0.7-win32-x86_64\bin\java.exe
0x00007ffb6a290000 - 0x00007ffb6a488000 	C:\WINDOWS\SYSTEM32\ntdll.dll
0x00007ffb69530000 - 0x00007ffb695ef000 	C:\WINDOWS\System32\KERNEL32.DLL
0x00007ffb67af0000 - 0x00007ffb67de6000 	C:\WINDOWS\System32\KERNELBASE.dll
0x00007ffb681f0000 - 0x00007ffb682f0000 	C:\WINDOWS\System32\ucrtbase.dll
0x00007ffb34ba0000 - 0x00007ffb34bb9000 	c:\Users\user1\.vscode\extensions\redhat.java-1.21.0-win32-x64\jre\17.0.7-win32-x86_64\bin\VCRUNTIME140.dll
0x00007ffb34cd0000 - 0x00007ffb34ce7000 	c:\Users\user1\.vscode\extensions\redhat.java-1.21.0-win32-x64\jre\17.0.7-win32-x86_64\bin\jli.dll
0x00007ffb68d00000 - 0x00007ffb68e9d000 	C:\WINDOWS\System32\USER32.dll
0x00007ffb67ac0000 - 0x00007ffb67ae2000 	C:\WINDOWS\System32\win32u.dll
0x00007ffb69350000 - 0x00007ffb6937c000 	C:\WINDOWS\System32\GDI32.dll
0x00007ffb68010000 - 0x00007ffb68125000 	C:\WINDOWS\System32\gdi32full.dll
0x00007ffb5b1e0000 - 0x00007ffb5b47a000 	C:\WINDOWS\WinSxS\amd64_microsoft.windows.common-controls_6595b64144ccf1df_6.0.19041.1110_none_60b5254171f9507e\COMCTL32.dll
0x00007ffb67a20000 - 0x00007ffb67abd000 	C:\WINDOWS\System32\msvcp_win.dll
0x00007ffb687b0000 - 0x00007ffb6884e000 	C:\WINDOWS\System32\msvcrt.dll
0x00007ffb68780000 - 0x00007ffb687b0000 	C:\WINDOWS\System32\IMM32.DLL
0x00007ffb34b90000 - 0x00007ffb34b9c000 	c:\Users\user1\.vscode\extensions\redhat.java-1.21.0-win32-x64\jre\17.0.7-win32-x86_64\bin\vcruntime140_1.dll
0x00007ffb2b7a0000 - 0x00007ffb2b831000 	c:\Users\user1\.vscode\extensions\redhat.java-1.21.0-win32-x64\jre\17.0.7-win32-x86_64\bin\msvcp140.dll
0x00007ffb298d0000 - 0x00007ffb2a518000 	c:\Users\user1\.vscode\extensions\redhat.java-1.21.0-win32-x64\jre\17.0.7-win32-x86_64\bin\server\jvm.dll
0x00007ffb692a0000 - 0x00007ffb6934f000 	C:\WINDOWS\System32\ADVAPI32.dll
0x00007ffb69200000 - 0x00007ffb6929c000 	C:\WINDOWS\System32\sechost.dll
0x00007ffb693e0000 - 0x00007ffb69506000 	C:\WINDOWS\System32\RPCRT4.dll
0x00007ffb620a0000 - 0x00007ffb620aa000 	C:\WINDOWS\SYSTEM32\VERSION.dll
0x00007ffb5fa40000 - 0x00007ffb5fa67000 	C:\WINDOWS\SYSTEM32\WINMM.dll
0x00007ffb2b790000 - 0x00007ffb2b799000 	C:\WINDOWS\SYSTEM32\WSOCK32.dll
0x00007ffb68560000 - 0x00007ffb685cb000 	C:\WINDOWS\System32\WS2_32.dll
0x00007ffb65830000 - 0x00007ffb65842000 	C:\WINDOWS\SYSTEM32\kernel.appcore.dll
0x00007ffb2b780000 - 0x00007ffb2b78a000 	c:\Users\user1\.vscode\extensions\redhat.java-1.21.0-win32-x64\jre\17.0.7-win32-x86_64\bin\jimage.dll
0x00007ffb5bfb0000 - 0x00007ffb5c194000 	C:\WINDOWS\SYSTEM32\DBGHELP.DLL
0x00007ffb4d470000 - 0x00007ffb4d4a4000 	C:\WINDOWS\SYSTEM32\dbgcore.DLL
0x00007ffb68160000 - 0x00007ffb681e2000 	C:\WINDOWS\System32\bcryptPrimitives.dll
0x00007ffb2b740000 - 0x00007ffb2b765000 	c:\Users\user1\.vscode\extensions\redhat.java-1.21.0-win32-x64\jre\17.0.7-win32-x86_64\bin\java.dll
0x00007ffb2b720000 - 0x00007ffb2b738000 	c:\Users\user1\.vscode\extensions\redhat.java-1.21.0-win32-x64\jre\17.0.7-win32-x86_64\bin\zip.dll
0x00007ffb69690000 - 0x00007ffb69dd4000 	C:\WINDOWS\System32\SHELL32.dll
0x00007ffb65a30000 - 0x00007ffb661c3000 	C:\WINDOWS\SYSTEM32\windows.storage.dll
0x00007ffb68ea0000 - 0x00007ffb691f4000 	C:\WINDOWS\System32\combase.dll
0x00007ffb673b0000 - 0x00007ffb673de000 	C:\WINDOWS\SYSTEM32\Wldp.dll
0x00007ffb68300000 - 0x00007ffb683ad000 	C:\WINDOWS\System32\SHCORE.dll
0x00007ffb683b0000 - 0x00007ffb68405000 	C:\WINDOWS\System32\shlwapi.dll
0x00007ffb678a0000 - 0x00007ffb678c5000 	C:\WINDOWS\SYSTEM32\profapi.dll
0x00007ffb5aaf0000 - 0x00007ffb5ab09000 	C:\Users\user1\.vscode\extensions\redhat.java-1.21.0-win32-x64\jre\17.0.7-win32-x86_64\bin\net.dll
0x00007ffb61590000 - 0x00007ffb6169a000 	C:\WINDOWS\SYSTEM32\WINHTTP.dll
0x00007ffb67110000 - 0x00007ffb6717a000 	C:\WINDOWS\system32\mswsock.dll
0x00007ffb34d30000 - 0x00007ffb34d45000 	C:\Users\user1\.vscode\extensions\redhat.java-1.21.0-win32-x64\jre\17.0.7-win32-x86_64\bin\nio.dll
0x00007ffb67300000 - 0x00007ffb67318000 	C:\WINDOWS\SYSTEM32\CRYPTSP.dll
0x00007ffb669b0000 - 0x00007ffb669e4000 	C:\WINDOWS\system32\rsaenh.dll
0x00007ffb68130000 - 0x00007ffb68157000 	C:\WINDOWS\System32\bcrypt.dll
0x00007ffb67820000 - 0x00007ffb6784e000 	C:\WINDOWS\SYSTEM32\USERENV.dll
0x00007ffb67320000 - 0x00007ffb6732c000 	C:\WINDOWS\SYSTEM32\CRYPTBASE.dll
0x00007ffb66db0000 - 0x00007ffb66deb000 	C:\WINDOWS\SYSTEM32\IPHLPAPI.DLL
0x00007ffb682f0000 - 0x00007ffb682f8000 	C:\WINDOWS\System32\NSI.dll
0x00007ffb62180000 - 0x00007ffb62197000 	C:\WINDOWS\SYSTEM32\dhcpcsvc6.DLL
0x00007ffb62390000 - 0x00007ffb623ad000 	C:\WINDOWS\SYSTEM32\dhcpcsvc.DLL
0x00007ffb66e00000 - 0x00007ffb66eca000 	C:\WINDOWS\SYSTEM32\DNSAPI.dll
0x00007ffb4e350000 - 0x00007ffb4e359000 	C:\Users\user1\.vscode\extensions\redhat.java-1.21.0-win32-x64\jre\17.0.7-win32-x86_64\bin\management.dll
0x00007ffb37500000 - 0x00007ffb3750b000 	C:\Users\user1\.vscode\extensions\redhat.java-1.21.0-win32-x64\jre\17.0.7-win32-x86_64\bin\management_ext.dll
0x00007ffb695f0000 - 0x00007ffb695f8000 	C:\WINDOWS\System32\PSAPI.DLL
0x00007ffb2c050000 - 0x00007ffb2c05e000 	C:\Users\user1\.vscode\extensions\redhat.java-1.21.0-win32-x64\jre\17.0.7-win32-x86_64\bin\sunmscapi.dll
0x00007ffb67eb0000 - 0x00007ffb6800e000 	C:\WINDOWS\System32\CRYPT32.dll
0x00007ffb67420000 - 0x00007ffb67448000 	C:\WINDOWS\SYSTEM32\ncrypt.dll
0x00007ffb673e0000 - 0x00007ffb6741b000 	C:\WINDOWS\SYSTEM32\NTASN1.dll
0x00007ffb58f10000 - 0x00007ffb58f1a000 	C:\Windows\System32\rasadhlp.dll
0x00007ffb59050000 - 0x00007ffb590d2000 	C:\WINDOWS\System32\fwpuclnt.dll
0x00007ffb34d20000 - 0x00007ffb34d30000 	c:\Users\user1\.vscode\extensions\redhat.java-1.21.0-win32-x64\jre\17.0.7-win32-x86_64\bin\verify.dll

dbghelp: loaded successfully - version: 4.0.5 - missing functions: none
symbol engine: initialized successfully - sym options: 0x614 - pdb path: .;c:\Users\user1\.vscode\extensions\redhat.java-1.21.0-win32-x64\jre\17.0.7-win32-x86_64\bin;C:\WINDOWS\SYSTEM32;C:\WINDOWS\WinSxS\amd64_microsoft.windows.common-controls_6595b64144ccf1df_6.0.19041.1110_none_60b5254171f9507e;c:\Users\user1\.vscode\extensions\redhat.java-1.21.0-win32-x64\jre\17.0.7-win32-x86_64\bin\server

VM Arguments:
jvm_args: -XX:+HeapDumpOnOutOfMemoryError -Xmx1024m -Dsts.lsp.client=vscode -Dsts.log.file=/dev/null -XX:TieredStopAtLevel=1 -Xlog:jni+resolve=off -Dspring.config.location=file:c:\Users\user1\.vscode\extensions\vmware.vscode-spring-boot-1.48.0\language-server\BOOT-INF\classes\application.properties 
java_command: org.springframework.ide.vscode.boot.app.BootLanguageServerBootApp
java_class_path (initial): c:\Users\user1\.vscode\extensions\vmware.vscode-spring-boot-1.48.0\language-server\BOOT-INF\classes;c:\Users\user1\.vscode\extensions\vmware.vscode-spring-boot-1.48.0\language-server\BOOT-INF\lib\annotations-24.0.1.jar;c:\Users\user1\.vscode\extensions\vmware.vscode-spring-boot-1.48.0\language-server\BOOT-INF\lib\antlr-runtime-3.5.3.jar;c:\Users\user1\.vscode\extensions\vmware.vscode-spring-boot-1.48.0\language-server\BOOT-INF\lib\antlr4-4.11.1.jar;c:\Users\user1\.vscode\extensions\vmware.vscode-spring-boot-1.48.0\language-server\BOOT-INF\lib\antlr4-runtime-4.11.1.jar;c:\Users\user1\.vscode\extensions\vmware.vscode-spring-boot-1.48.0\language-server\BOOT-INF\lib\archunit-1.0.1.jar;c:\Users\user1\.vscode\extensions\vmware.vscode-spring-boot-1.48.0\language-server\BOOT-INF\lib\asm-9.5.jar;c:\Users\user1\.vscode\extensions\vmware.vscode-spring-boot-1.48.0\language-server\BOOT-INF\lib\asm-analysis-9.5.jar;c:\Users\user1\.vscode\extensions\vmware.vscode-spring-boot-1.48.0\language-server\BOOT-INF\lib\asm-tree-9.5.jar;c:\Users\user1\.vscode\extensions\vmware.vscode-spring-boot-1.48.0\language-server\BOOT-INF\lib\asm-util-9.5.jar;c:\Users\user1\.vscode\extensions\vmware.vscode-spring-boot-1.48.0\language-server\BOOT-INF\lib\bosh-language-server-1.48.0-SNAPSHOT.jar;c:\Users\user1\.vscode\extensions\vmware.vscode-spring-boot-1.48.0\language-server\BOOT-INF\lib\caffeine-3.1.6.jar;c:\Users\user1\.vscode\extensions\vmware.vscode-spring-boot-1.48.0\language-server\BOOT-INF\lib\checker-qual-3.12.0.jar;c:\Users\user1\.vscode\extensions\vmware.vscode-spring-boot-1.48.0\language-server\BOOT-INF\lib\classgraph-4.8.149.jar;c:\Users\user1\.vscode\extensions\vmware.vscode-spring-boot-1.48.0\language-server\BOOT-INF\lib\commons-codec-1.15.jar;c:\Users\user1\.vscode\extensions\vmware.vscode-spring-boot-1.48.0\language-server\BOOT-INF\lib\commons-compress-1.23.0.jar;c:\Users\user1\.vscode\extensions\vmware.vscode-spring-boot-1.48.0\language-server\BOOT-INF\lib\
Launcher Type: SUN_STANDARD

[Global flags]
     intx CICompilerCount                          = 12                                        {product} {ergonomic}
     uint ConcGCThreads                            = 3                                         {product} {ergonomic}
     uint G1ConcRefinementThreads                  = 13                                        {product} {ergonomic}
   size_t G1HeapRegionSize                         = 1048576                                   {product} {ergonomic}
    uintx GCDrainStackTargetSize                   = 64                                        {product} {ergonomic}
     bool HeapDumpOnOutOfMemoryError               = true                                   {manageable} {command line}
   size_t InitialHeapSize                          = 268435456                                 {product} {ergonomic}
   size_t MarkStackSize                            = 4194304                                   {product} {ergonomic}
   size_t MaxHeapSize                              = 1073741824                                {product} {command line}
   size_t MaxNewSize                               = 643825664                                 {product} {ergonomic}
   size_t MinHeapDeltaBytes                        = 1048576                                   {product} {ergonomic}
   size_t MinHeapSize                              = 8388608                                   {product} {ergonomic}
    uintx NonProfiledCodeHeapSize                  = 0                                      {pd product} {ergonomic}
     bool ProfileInterpreter                       = false                                  {pd product} {command line}
    uintx ProfiledCodeHeapSize                     = 0                                      {pd product} {ergonomic}
   size_t SoftMaxHeapSize                          = 1073741824                             {manageable} {ergonomic}
     intx TieredStopAtLevel                        = 1                                         {product} {command line}
     bool UseCompressedClassPointers               = true                           {product lp64_product} {ergonomic}
     bool UseCompressedOops                        = true                           {product lp64_product} {ergonomic}
     bool UseG1GC                                  = true                                      {product} {ergonomic}
     bool UseLargePagesIndividualAllocation        = false                                  {pd product} {ergonomic}

Logging:
Log output configuration:
 #0: stdout all=warning,jni+resolve=off uptime,level,tags
 #1: stderr all=off uptime,level,tags

Environment Variables:
JAVA_HOME=D:\jdk-11
PATH=C:\Program Files (x86)\NAT Service;C:\Program Files (x86)\Common Files\Oracle\Java\javapath;C:\Program Files (x86)\Common Files\Intel\Shared Libraries\redist\intel64\compiler;C:\Program Files (x86)\Intel\iCLS Client\;C:\Program Files\Intel\iCLS Client\;C:\WINDOWS\system32;C:\WINDOWS;C:\WINDOWS\System32\Wbem;C:\WINDOWS\System32\WindowsPowerShell\v1.0\;C:\WINDOWS\System32\OpenSSH\;C:\Program Files (x86)\Intel\Intel(R) Management Engine Components\DAL;C:\Program Files\Intel\Intel(R) Management Engine Components\DAL;C:\Program Files (x86)\Intel\Intel(R) Management Engine Components\IPT;C:\Program Files\Intel\Intel(R) Management Engine Components\IPT;D:\QTSystem\;C:\Program Files (x86)\NVIDIA Corporation\PhysX\Common;C:\Program Files\NVIDIA Corporation\NVIDIA NvDLISR;C:\WINDOWS\system32;C:\WINDOWS;C:\WINDOWS\System32\Wbem;C:\WINDOWS\System32\WindowsPowerShell\v1.0\;C:\WINDOWS\System32\OpenSSH\;C:\Program Files\dotnet\;C:\Program Files\Git\cmd;C:\Program Files\nodejs\;C:\Program Files\PuTTY\;D:\jdk-11\bin;C:\Users\user1\AppData\Local\Programs\Python\Python37-32\Scripts\;C:\Users\user1\AppData\Local\Programs\Python\Python37-32\;C:\Users\user1\AppData\Local\Microsoft\WindowsApps;C:\Program Files\Bandizip\;D:\Microsoft VS Code\bin;C:\Users\user1\AppData\Local\GitHubDesktop\bin;C:\Users\user1\AppData\Roaming\npm;C:\Program Files\nodejs;
USERNAME=user1
OS=Windows_NT
PROCESSOR_IDENTIFIER=AMD64 Family 23 Model 8 Stepping 2, AuthenticAMD
TMP=C:\Users\user1\AppData\Local\Temp
TEMP=C:\Users\user1\AppData\Local\Temp



---------------  S Y S T E M  ---------------

OS:
 Windows 10 , 64 bit Build 19041 (10.0.19041.3155)
OS uptime: 0 days 10:21 hours

CPU: total 16 (initial active 16) (16 cores per cpu, 2 threads per core) family 23 model 8 stepping 2 microcode 0x0, cx8, cmov, fxsr, ht, mmx, 3dnowpref, sse, sse2, sse3, ssse3, sse4a, sse4.1, sse4.2, popcnt, lzcnt, tsc, tscinvbit, avx, avx2, aes, clmul, bmi1, bmi2, adx, sha, fma, vzeroupper, clflush, clflushopt

Memory: 4k page, system-wide physical 16337M (2264M free)
TotalPageFile size 22213M (AvailPageFile size 12M)
current process WorkingSet (physical memory assigned to process): 127M, peak: 1057M
current process commit charge ("private bytes"): 305M, peak: 1091M

vm_info: OpenJDK 64-Bit Server VM (17.0.7+7) for windows-amd64 JRE (17.0.7+7), built on Apr 18 2023 22:10:42 by "temurin" with MS VC++ 16.7 (VS2019)

END.
