#
# There is insufficient memory for the Java Runtime Environment to continue.
# Native memory allocation (malloc) failed to allocate 1048576 bytes for AllocateHeap
# Possible reasons:
#   The system is out of physical RAM or swap space
#   The process is running with CompressedOops enabled, and the Java Heap may be blocking the growth of the native heap
# Possible solutions:
#   Reduce memory load on the system
#   Increase physical memory or swap space
#   Check if swap backing store is full
#   Decrease Java heap size (-Xmx/-Xms)
#   Decrease number of Java threads
#   Decrease Java thread stack sizes (-Xss)
#   Set larger code cache with -XX:ReservedCodeCacheSize=
#   JVM is running with Unscaled Compressed Oops mode in which the Java heap is
#     placed in the first 4GB address space. The Java Heap base address is the
#     maximum limit for the native heap growth. Please use -XX:HeapBaseMinAddress
#     to set the Java Heap base and to place the Java Heap above 4GB virtual address.
# This output file may be truncated or incomplete.
#
#  Out of Memory Error (allocation.cpp:44), pid=11744, tid=26784
#
# JRE version: OpenJDK Runtime Environment Temurin-17.0.7+7 (17.0.7+7) (build 17.0.7+7)
# Java VM: OpenJDK 64-Bit Server VM Temurin-17.0.7+7 (17.0.7+7, mixed mode, emulated-client, tiered, compressed oops, compressed class ptrs, g1 gc, windows-amd64)
# No core dump will be written. Minidumps are not enabled by default on client versions of Windows
#

---------------  S U M M A R Y ------------

Command Line: -XX:+HeapDumpOnOutOfMemoryError -Xmx1024m -Dsts.lsp.client=vscode -Dsts.log.file=/dev/null -XX:TieredStopAtLevel=1 -Xlog:jni+resolve=off -Dspring.config.location=file:c:\Users\user1\.vscode\extensions\vmware.vscode-spring-boot-1.48.0\language-server\BOOT-INF\classes\application.properties org.springframework.ide.vscode.boot.app.BootLanguageServerBootApp

Host: AMD Ryzen 7 2700 Eight-Core Processor          , 16 cores, 15G,  Windows 10 , 64 bit Build 19041 (10.0.19041.3155)
Time: Sat Aug 19 20:14:20 2023  Windows 10 , 64 bit Build 19041 (10.0.19041.3155) elapsed time: 105675.627914 seconds (1d 5h 21m 15s)

---------------  T H R E A D  ---------------

Current thread (0x0000012c043efb90):  VMThread "VM Thread" [stack: 0x0000000877800000,0x0000000877900000] [id=26784]

Stack: [0x0000000877800000,0x0000000877900000]
Native frames: (J=compiled Java code, j=interpreted, Vv=VM code, C=native code)
V  [jvm.dll+0x67754a]
V  [jvm.dll+0x834304]
V  [jvm.dll+0x835aae]
V  [jvm.dll+0x836113]
V  [jvm.dll+0x24696f]
V  [jvm.dll+0xa681f]
V  [jvm.dll+0x2f73f3]
V  [jvm.dll+0x2f30f0]
V  [jvm.dll+0x2db6c7]
V  [jvm.dll+0x31e777]
V  [jvm.dll+0x83a5bb]
V  [jvm.dll+0x83b2f4]
V  [jvm.dll+0x83b80c]
V  [jvm.dll+0x83bbe4]
V  [jvm.dll+0x83bcb0]
V  [jvm.dll+0x7e4e7a]
V  [jvm.dll+0x676395]
C  [ucrtbase.dll+0x21bb2]
C  [KERNEL32.DLL+0x17614]
C  [ntdll.dll+0x526b1]

VM_Operation (0x00000008798feb80): G1CollectFull, mode: safepoint, requested by thread 0x0000012c0a3a8c70


---------------  P R O C E S S  ---------------

Threads class SMR info:
_java_thread_list=0x0000012c0b12db00, length=21, elements={
0x0000012c0444c740, 0x0000012c0444d740, 0x0000012c04495010, 0x0000012c04495ad0,
0x0000012c044984a0, 0x0000012c0449c260, 0x0000012c0449cbd0, 0x0000012c044a74f0,
0x0000012c046a08b0, 0x0000012c046a9030, 0x0000012c0a397840, 0x0000012c096f4430,
0x0000012c0a3a8c70, 0x0000012c0a3eb8d0, 0x0000012c78ae67e0, 0x0000012c09c5a860,
0x0000012c095b7940, 0x0000012c0a610570, 0x0000012c0a610a40, 0x0000012c0a60e890,
0x0000012c0b4576f0
}

Java Threads: ( => current thread )
  0x0000012c0444c740 JavaThread "Reference Handler" daemon [_thread_blocked, id=15432, stack(0x0000000877900000,0x0000000877a00000)]
  0x0000012c0444d740 JavaThread "Finalizer" daemon [_thread_blocked, id=26060, stack(0x0000000877a00000,0x0000000877b00000)]
  0x0000012c04495010 JavaThread "Signal Dispatcher" daemon [_thread_blocked, id=28500, stack(0x0000000877b00000,0x0000000877c00000)]
  0x0000012c04495ad0 JavaThread "Attach Listener" daemon [_thread_blocked, id=20152, stack(0x0000000877c00000,0x0000000877d00000)]
  0x0000012c044984a0 JavaThread "Service Thread" daemon [_thread_blocked, id=24132, stack(0x0000000877d00000,0x0000000877e00000)]
  0x0000012c0449c260 JavaThread "Monitor Deflation Thread" daemon [_thread_blocked, id=21820, stack(0x0000000877e00000,0x0000000877f00000)]
  0x0000012c0449cbd0 JavaThread "C1 CompilerThread0" daemon [_thread_blocked, id=908, stack(0x0000000877f00000,0x0000000878000000)]
  0x0000012c044a74f0 JavaThread "Sweeper thread" daemon [_thread_blocked, id=7008, stack(0x0000000878000000,0x0000000878100000)]
  0x0000012c046a08b0 JavaThread "Notification Thread" daemon [_thread_blocked, id=16256, stack(0x0000000878300000,0x0000000878400000)]
  0x0000012c046a9030 JavaThread "Common-Cleaner" daemon [_thread_blocked, id=3460, stack(0x0000000878500000,0x0000000878600000)]
  0x0000012c0a397840 JavaThread "boundedElastic-evictor-1" daemon [_thread_blocked, id=27876, stack(0x0000000879600000,0x0000000879700000)]
  0x0000012c096f4430 JavaThread "boundedElastic-evictor-2" daemon [_thread_blocked, id=10344, stack(0x0000000879700000,0x0000000879800000)]
  0x0000012c0a3a8c70 JavaThread "pool-11-thread-1" [_thread_blocked, id=27880, stack(0x0000000879800000,0x0000000879900000)]
  0x0000012c0a3eb8d0 JavaThread "LanguageServerApp-lifecycle" [_thread_blocked, id=28724, stack(0x0000000879900000,0x0000000879a00000)]
  0x0000012c78ae67e0 JavaThread "DestroyJavaVM" [_thread_blocked, id=20484, stack(0x0000000877200000,0x0000000877300000)]
  0x0000012c09c5a860 JavaThread "pool-12-thread-1" [_thread_in_native, id=28728, stack(0x0000000879a00000,0x0000000879b00000)]
  0x0000012c095b7940 JavaThread "Simple-Language-Server main thread" daemon [_thread_blocked, id=18540, stack(0x0000000879b00000,0x0000000879c00000)]
  0x0000012c0a610570 JavaThread "parallel-1" daemon [_thread_blocked, id=24896, stack(0x000000087b800000,0x000000087b900000)]
  0x0000012c0a610a40 JavaThread "pool-5-thread-1" [_thread_blocked, id=29360, stack(0x000000087ba00000,0x000000087bb00000)]
  0x0000012c0a60e890 JavaThread "parallel-2" daemon [_thread_blocked, id=28776, stack(0x000000087bb00000,0x000000087bc00000)]
  0x0000012c0b4576f0 JavaThread "parallel-3" daemon [_thread_blocked, id=21612, stack(0x000000087a300000,0x000000087a400000)]

Other Threads:
=>0x0000012c043efb90 VMThread "VM Thread" [stack: 0x0000000877800000,0x0000000877900000] [id=26784]
  0x0000012c046a4d90 WatcherThread [stack: 0x0000000878400000,0x0000000878500000] [id=28540]
  0x0000012c78b27a60 GCTaskThread "GC Thread#0" [stack: 0x0000000877300000,0x0000000877400000] [id=23964]
  0x0000012c09899f30 GCTaskThread "GC Thread#1" [stack: 0x0000000878700000,0x0000000878800000] [id=24580]
  0x0000012c096ffec0 GCTaskThread "GC Thread#2" [stack: 0x0000000878800000,0x0000000878900000] [id=7944]
  0x0000012c0988a2a0 GCTaskThread "GC Thread#3" [stack: 0x0000000878900000,0x0000000878a00000] [id=24776]
  0x0000012c0988a550 GCTaskThread "GC Thread#4" [stack: 0x0000000878a00000,0x0000000878b00000] [id=4620]
  0x0000012c0988a800 GCTaskThread "GC Thread#5" [stack: 0x0000000878b00000,0x0000000878c00000] [id=17296]
  0x0000012c09ad1410 GCTaskThread "GC Thread#6" [stack: 0x0000000878c00000,0x0000000878d00000] [id=27824]
  0x0000012c09ad16c0 GCTaskThread "GC Thread#7" [stack: 0x0000000878d00000,0x0000000878e00000] [id=26640]
  0x0000012c09e68ca0 GCTaskThread "GC Thread#8" [stack: 0x0000000879000000,0x0000000879100000] [id=1444]
  0x0000012c09e68f50 GCTaskThread "GC Thread#9" [stack: 0x0000000879100000,0x0000000879200000] [id=22804]
  0x0000012c09e69610 GCTaskThread "GC Thread#10" [stack: 0x0000000879200000,0x0000000879300000] [id=28868]
  0x0000012c09e69cd0 GCTaskThread "GC Thread#11" [stack: 0x0000000879300000,0x0000000879400000] [id=28872]
  0x0000012c09fe9e10 GCTaskThread "GC Thread#12" [stack: 0x0000000878e00000,0x0000000878f00000] [id=28452]
  0x0000012c78b308b0 ConcurrentGCThread "G1 Main Marker" [stack: 0x0000000877400000,0x0000000877500000] [id=15764]
  0x0000012c78b31970 ConcurrentGCThread "G1 Conc#0" [stack: 0x0000000877500000,0x0000000877600000] [id=24968]
  0x0000012c09e48520 ConcurrentGCThread "G1 Conc#1" [stack: 0x0000000879400000,0x0000000879500000] [id=23560]
  0x0000012c09e26660 ConcurrentGCThread "G1 Conc#2" [stack: 0x0000000879500000,0x0000000879600000] [id=9268]
  0x0000012c78bae540 ConcurrentGCThread "G1 Refine#0" [stack: 0x0000000877600000,0x0000000877700000] [id=3196]
  0x0000012c0a686ae0 ConcurrentGCThread "G1 Refine#1" [stack: 0x000000087b900000,0x000000087ba00000] [id=27808]
  0x0000012c0b0b7d40 ConcurrentGCThread "G1 Refine#2" [stack: 0x000000087be00000,0x000000087bf00000] [id=28764]
  0x0000012c0b0b8e80 ConcurrentGCThread "G1 Refine#3" [stack: 0x000000087c600000,0x000000087c700000] [id=14788]
  0x0000012c0b0b88c0 ConcurrentGCThread "G1 Refine#4" [stack: 0x000000087c700000,0x000000087c800000] [id=27952]
  0x0000012c0b0b8ba0 ConcurrentGCThread "G1 Refine#5" [stack: 0x000000087c900000,0x000000087ca00000] [id=29264]
  0x0000012c0b0b9160 ConcurrentGCThread "G1 Refine#6" [stack: 0x000000087ca00000,0x000000087cb00000] [id=29644]
  0x0000012c0b0b9440 ConcurrentGCThread "G1 Refine#7" [stack: 0x000000087cb00000,0x000000087cc00000] [id=18224]
  0x0000012c0b62e800 ConcurrentGCThread "G1 Refine#8" [stack: 0x000000087a000000,0x000000087a100000] [id=4680]
  0x0000012c0b62eae0 ConcurrentGCThread "G1 Refine#9" [stack: 0x000000087a100000,0x000000087a200000] [id=14216]
  0x0000012c0b6301e0 ConcurrentGCThread "G1 Refine#10" [stack: 0x000000087a200000,0x000000087a300000] [id=14672]
  0x0000012c04298190 ConcurrentGCThread "G1 Service" [stack: 0x0000000877700000,0x0000000877800000] [id=22076]

Threads with active compile tasks:

VM state: at safepoint (normal execution)

VM Mutex/Monitor currently owned by a thread:  ([mutex/lock_event])
[0x0000012c768fa8d0] Threads_lock - owner thread: 0x0000012c043efb90
[0x0000012c769bcf60] Heap_lock - owner thread: 0x0000012c0a3a8c70

Heap address: 0x00000000c0000000, size: 1024 MB, Compressed Oops mode: 32-bit

CDS archive(s) not mapped
Compressed class space mapped at: 0x0000000100000000-0x0000000140000000, reserved size: 1073741824
Narrow klass base: 0x0000000000000000, Narrow klass shift: 3, Narrow klass range: 0x140000000

GC Precious Log:
 CPUs: 16 total, 16 available
 Memory: 16337M
 Large Page Support: Disabled
 NUMA Support: Disabled
 Compressed Oops: Enabled (32-bit)
 Heap Region Size: 1M
 Heap Min Capacity: 8M
 Heap Initial Capacity: 256M
 Heap Max Capacity: 1G
 Pre-touch: Disabled
 Parallel Workers: 13
 Concurrent Workers: 3
 Concurrent Refinement Workers: 13
 Periodic GC: Disabled

Heap:
 garbage-first heap   total 116736K, used 34708K [0x00000000c0000000, 0x0000000100000000)
  region size 1024K, 1 young (1024K), 0 survivors (0K)
 Metaspace       used 56554K, committed 57280K, reserved 1114112K
  class space    used 8044K, committed 8320K, reserved 1048576K

Heap Regions: E=young(eden), S=young(survivor), O=old, HS=humongous(starts), HC=humongous(continues), CS=collection set, F=free, OA=open archive, CA=closed archive, TAMS=top-at-mark-start (previous, next)
|   0|0x00000000c0000000, 0x00000000c0100000, 0x00000000c0100000|100%| O|  |TAMS 0x00000000c0100000, 0x00000000c0000000| Untracked 
|   1|0x00000000c0100000, 0x00000000c0200000, 0x00000000c0200000|100%| O|  |TAMS 0x00000000c0200000, 0x00000000c0100000| Untracked 
|   2|0x00000000c0200000, 0x00000000c0300000, 0x00000000c0300000|100%| O|  |TAMS 0x00000000c0300000, 0x00000000c0200000| Untracked 
|   3|0x00000000c0300000, 0x00000000c0400000, 0x00000000c0400000|100%| O|  |TAMS 0x00000000c0400000, 0x00000000c0300000| Untracked 
|   4|0x00000000c0400000, 0x00000000c0500000, 0x00000000c0500000|100%| O|  |TAMS 0x00000000c0500000, 0x00000000c0400000| Untracked 
|   5|0x00000000c0500000, 0x00000000c05fff80, 0x00000000c0600000| 99%| O|  |TAMS 0x00000000c05fff80, 0x00000000c0500000| Untracked 
|   6|0x00000000c0600000, 0x00000000c0700000, 0x00000000c0700000|100%| O|  |TAMS 0x00000000c0700000, 0x00000000c0600000| Untracked 
|   7|0x00000000c0700000, 0x00000000c07fffb8, 0x00000000c0800000| 99%| O|  |TAMS 0x00000000c07fffb8, 0x00000000c0700000| Untracked 
|   8|0x00000000c0800000, 0x00000000c08ffff0, 0x00000000c0900000| 99%| O|  |TAMS 0x00000000c08ffff0, 0x00000000c0800000| Untracked 
|   9|0x00000000c0900000, 0x00000000c09ff478, 0x00000000c0a00000| 99%| O|  |TAMS 0x00000000c09ff478, 0x00000000c0900000| Untracked 
|  10|0x00000000c0a00000, 0x00000000c0affff8, 0x00000000c0b00000| 99%| O|  |TAMS 0x00000000c0affff8, 0x00000000c0a00000| Untracked 
|  11|0x00000000c0b00000, 0x00000000c0bfffe8, 0x00000000c0c00000| 99%| O|  |TAMS 0x00000000c0bfffe8, 0x00000000c0b00000| Untracked 
|  12|0x00000000c0c00000, 0x00000000c0d00000, 0x00000000c0d00000|100%| O|  |TAMS 0x00000000c0d00000, 0x00000000c0c00000| Untracked 
|  13|0x00000000c0d00000, 0x00000000c0dfffd8, 0x00000000c0e00000| 99%| O|  |TAMS 0x00000000c0dfffd8, 0x00000000c0d00000| Untracked 
|  14|0x00000000c0e00000, 0x00000000c0f00000, 0x00000000c0f00000|100%| O|  |TAMS 0x00000000c0f00000, 0x00000000c0e00000| Untracked 
|  15|0x00000000c0f00000, 0x00000000c0fffff0, 0x00000000c1000000| 99%| O|  |TAMS 0x00000000c0fffff0, 0x00000000c0f00000| Untracked 
|  16|0x00000000c1000000, 0x00000000c1100000, 0x00000000c1100000|100%| O|  |TAMS 0x00000000c1100000, 0x00000000c1000000| Untracked 
|  17|0x00000000c1100000, 0x00000000c11fffe8, 0x00000000c1200000| 99%| O|  |TAMS 0x00000000c11fffe8, 0x00000000c1100000| Untracked 
|  18|0x00000000c1200000, 0x00000000c1300000, 0x00000000c1300000|100%| O|  |TAMS 0x00000000c1300000, 0x00000000c1200000| Untracked 
|  19|0x00000000c1300000, 0x00000000c13fffd8, 0x00000000c1400000| 99%| O|  |TAMS 0x00000000c13fffd8, 0x00000000c1300000| Untracked 
|  20|0x00000000c1400000, 0x00000000c1500000, 0x00000000c1500000|100%| O|  |TAMS 0x00000000c1500000, 0x00000000c1400000| Untracked 
|  21|0x00000000c1500000, 0x00000000c1600000, 0x00000000c1600000|100%| O|  |TAMS 0x00000000c1600000, 0x00000000c1500000| Untracked 
|  22|0x00000000c1600000, 0x00000000c16ffff8, 0x00000000c1700000| 99%| O|  |TAMS 0x00000000c16ffff8, 0x00000000c1600000| Untracked 
|  23|0x00000000c1700000, 0x00000000c17fff98, 0x00000000c1800000| 99%| O|  |TAMS 0x00000000c17fff98, 0x00000000c1700000| Untracked 
|  24|0x00000000c1800000, 0x00000000c18fffe0, 0x00000000c1900000| 99%| O|  |TAMS 0x00000000c18fffe0, 0x00000000c1800000| Untracked 
|  25|0x00000000c1900000, 0x00000000c19fffe0, 0x00000000c1a00000| 99%| O|  |TAMS 0x00000000c19fffe0, 0x00000000c1900000| Untracked 
|  26|0x00000000c1a00000, 0x00000000c1affff8, 0x00000000c1b00000| 99%| O|  |TAMS 0x00000000c1affff8, 0x00000000c1a00000| Untracked 
|  27|0x00000000c1b00000, 0x00000000c1bfffe0, 0x00000000c1c00000| 99%| O|  |TAMS 0x00000000c1bfffe0, 0x00000000c1b00000| Untracked 
|  28|0x00000000c1c00000, 0x00000000c1cffff0, 0x00000000c1d00000| 99%| O|  |TAMS 0x00000000c1cffff0, 0x00000000c1c00000| Untracked 
|  29|0x00000000c1d00000, 0x00000000c1dfff98, 0x00000000c1e00000| 99%| O|  |TAMS 0x00000000c1dfff98, 0x00000000c1d00000| Untracked 
|  30|0x00000000c1e00000, 0x00000000c1effff0, 0x00000000c1f00000| 99%| O|  |TAMS 0x00000000c1effff0, 0x00000000c1e00000| Untracked 
|  31|0x00000000c1f00000, 0x00000000c1fe5fa0, 0x00000000c2000000| 89%| O|  |TAMS 0x00000000c1f00000, 0x00000000c1f00000| Untracked 
|  32|0x00000000c2000000, 0x00000000c2000088, 0x00000000c2100000|  0%| O|  |TAMS 0x00000000c2000000, 0x00000000c2000000| Untracked 
|  33|0x00000000c2100000, 0x00000000c2100000, 0x00000000c2200000|  0%| F|  |TAMS 0x00000000c2100000, 0x00000000c2100000| Untracked 
|  34|0x00000000c2200000, 0x00000000c2200000, 0x00000000c2300000|  0%| F|  |TAMS 0x00000000c2200000, 0x00000000c2200000| Untracked 
|  35|0x00000000c2300000, 0x00000000c2300000, 0x00000000c2400000|  0%| F|  |TAMS 0x00000000c2300000, 0x00000000c2300000| Untracked 
|  36|0x00000000c2400000, 0x00000000c24fffd8, 0x00000000c2500000| 99%| O|  |TAMS 0x00000000c24fffd8, 0x00000000c2400000| Untracked 
|  37|0x00000000c2500000, 0x00000000c2500000, 0x00000000c2600000|  0%| F|  |TAMS 0x00000000c2500000, 0x00000000c2500000| Untracked 
|  38|0x00000000c2600000, 0x00000000c2600000, 0x00000000c2700000|  0%| F|  |TAMS 0x00000000c2600000, 0x00000000c2600000| Untracked 
|  39|0x00000000c2700000, 0x00000000c27fffd8, 0x00000000c2800000| 99%| O|  |TAMS 0x00000000c27fffd8, 0x00000000c2700000| Untracked 
|  40|0x00000000c2800000, 0x00000000c2800000, 0x00000000c2900000|  0%| F|  |TAMS 0x00000000c2800000, 0x00000000c2800000| Untracked 
|  41|0x00000000c2900000, 0x00000000c2900000, 0x00000000c2a00000|  0%| F|  |TAMS 0x00000000c2900000, 0x00000000c2900000| Untracked 
|  42|0x00000000c2a00000, 0x00000000c2a00000, 0x00000000c2b00000|  0%| F|  |TAMS 0x00000000c2a00000, 0x00000000c2a00000| Untracked 
|  43|0x00000000c2b00000, 0x00000000c2b00000, 0x00000000c2c00000|  0%| F|  |TAMS 0x00000000c2b00000, 0x00000000c2b00000| Untracked 
|  44|0x00000000c2c00000, 0x00000000c2c00000, 0x00000000c2d00000|  0%| F|  |TAMS 0x00000000c2c00000, 0x00000000c2c00000| Untracked 
|  45|0x00000000c2d00000, 0x00000000c2d00000, 0x00000000c2e00000|  0%| F|  |TAMS 0x00000000c2d00000, 0x00000000c2d00000| Untracked 
|  46|0x00000000c2e00000, 0x00000000c2e00000, 0x00000000c2f00000|  0%| F|  |TAMS 0x00000000c2e00000, 0x00000000c2e00000| Untracked 
|  47|0x00000000c2f00000, 0x00000000c2f00000, 0x00000000c3000000|  0%| F|  |TAMS 0x00000000c2f00000, 0x00000000c2f00000| Untracked 
|  48|0x00000000c3000000, 0x00000000c3000000, 0x00000000c3100000|  0%| F|  |TAMS 0x00000000c3000000, 0x00000000c3000000| Untracked 
|  49|0x00000000c3100000, 0x00000000c3100000, 0x00000000c3200000|  0%| F|  |TAMS 0x00000000c3100000, 0x00000000c3100000| Untracked 
|  50|0x00000000c3200000, 0x00000000c3200000, 0x00000000c3300000|  0%| F|  |TAMS 0x00000000c3200000, 0x00000000c3200000| Untracked 
|  51|0x00000000c3300000, 0x00000000c3300000, 0x00000000c3400000|  0%| F|  |TAMS 0x00000000c3300000, 0x00000000c3300000| Untracked 
|  52|0x00000000c3400000, 0x00000000c3400000, 0x00000000c3500000|  0%| F|  |TAMS 0x00000000c3400000, 0x00000000c3400000| Untracked 
|  53|0x00000000c3500000, 0x00000000c3500000, 0x00000000c3600000|  0%| F|  |TAMS 0x00000000c3500000, 0x00000000c3500000| Untracked 
|  54|0x00000000c3600000, 0x00000000c3600000, 0x00000000c3700000|  0%| F|  |TAMS 0x00000000c3600000, 0x00000000c3600000| Untracked 
|  55|0x00000000c3700000, 0x00000000c3700000, 0x00000000c3800000|  0%| F|  |TAMS 0x00000000c3700000, 0x00000000c3700000| Untracked 
|  56|0x00000000c3800000, 0x00000000c3800000, 0x00000000c3900000|  0%| F|  |TAMS 0x00000000c3800000, 0x00000000c3800000| Untracked 
|  57|0x00000000c3900000, 0x00000000c3900000, 0x00000000c3a00000|  0%| F|  |TAMS 0x00000000c3900000, 0x00000000c3900000| Untracked 
|  58|0x00000000c3a00000, 0x00000000c3a00000, 0x00000000c3b00000|  0%| F|  |TAMS 0x00000000c3a00000, 0x00000000c3a00000| Untracked 
|  59|0x00000000c3b00000, 0x00000000c3b00000, 0x00000000c3c00000|  0%| F|  |TAMS 0x00000000c3b00000, 0x00000000c3b00000| Untracked 
|  60|0x00000000c3c00000, 0x00000000c3c00000, 0x00000000c3d00000|  0%| F|  |TAMS 0x00000000c3c00000, 0x00000000c3c00000| Untracked 
|  61|0x00000000c3d00000, 0x00000000c3d00000, 0x00000000c3e00000|  0%| F|  |TAMS 0x00000000c3d00000, 0x00000000c3d00000| Untracked 
|  62|0x00000000c3e00000, 0x00000000c3e00000, 0x00000000c3f00000|  0%| F|  |TAMS 0x00000000c3e00000, 0x00000000c3e00000| Untracked 
|  63|0x00000000c3f00000, 0x00000000c3f00000, 0x00000000c4000000|  0%| F|  |TAMS 0x00000000c3f00000, 0x00000000c3f00000| Untracked 
|  64|0x00000000c4000000, 0x00000000c4000000, 0x00000000c4100000|  0%| F|  |TAMS 0x00000000c4000000, 0x00000000c4000000| Untracked 
|  65|0x00000000c4100000, 0x00000000c4100000, 0x00000000c4200000|  0%| F|  |TAMS 0x00000000c4100000, 0x00000000c4100000| Untracked 
|  66|0x00000000c4200000, 0x00000000c4200000, 0x00000000c4300000|  0%| F|  |TAMS 0x00000000c4200000, 0x00000000c4200000| Untracked 
|  67|0x00000000c4300000, 0x00000000c4300000, 0x00000000c4400000|  0%| F|  |TAMS 0x00000000c4300000, 0x00000000c4300000| Untracked 
|  68|0x00000000c4400000, 0x00000000c4400000, 0x00000000c4500000|  0%| F|  |TAMS 0x00000000c4400000, 0x00000000c4400000| Untracked 
|  69|0x00000000c4500000, 0x00000000c4500000, 0x00000000c4600000|  0%| F|  |TAMS 0x00000000c4500000, 0x00000000c4500000| Untracked 
|  70|0x00000000c4600000, 0x00000000c4600000, 0x00000000c4700000|  0%| F|  |TAMS 0x00000000c4600000, 0x00000000c4600000| Untracked 
|  71|0x00000000c4700000, 0x00000000c4700000, 0x00000000c4800000|  0%| F|  |TAMS 0x00000000c4700000, 0x00000000c4700000| Untracked 
|  72|0x00000000c4800000, 0x00000000c4800000, 0x00000000c4900000|  0%| F|  |TAMS 0x00000000c4800000, 0x00000000c4800000| Untracked 
|  73|0x00000000c4900000, 0x00000000c4900000, 0x00000000c4a00000|  0%| F|  |TAMS 0x00000000c4900000, 0x00000000c4900000| Untracked 
|  74|0x00000000c4a00000, 0x00000000c4a00000, 0x00000000c4b00000|  0%| F|  |TAMS 0x00000000c4a00000, 0x00000000c4a00000| Untracked 
|  75|0x00000000c4b00000, 0x00000000c4b00000, 0x00000000c4c00000|  0%| F|  |TAMS 0x00000000c4b00000, 0x00000000c4b00000| Untracked 
|  76|0x00000000c4c00000, 0x00000000c4c00000, 0x00000000c4d00000|  0%| F|  |TAMS 0x00000000c4c00000, 0x00000000c4c00000| Untracked 
|  77|0x00000000c4d00000, 0x00000000c4d00000, 0x00000000c4e00000|  0%| F|  |TAMS 0x00000000c4d00000, 0x00000000c4d00000| Untracked 
|  78|0x00000000c4e00000, 0x00000000c4e00000, 0x00000000c4f00000|  0%| F|  |TAMS 0x00000000c4e00000, 0x00000000c4e00000| Untracked 
|  79|0x00000000c4f00000, 0x00000000c4f00000, 0x00000000c5000000|  0%| F|  |TAMS 0x00000000c4f00000, 0x00000000c4f00000| Untracked 
|  80|0x00000000c5000000, 0x00000000c5000000, 0x00000000c5100000|  0%| F|  |TAMS 0x00000000c5000000, 0x00000000c5000000| Untracked 
|  81|0x00000000c5100000, 0x00000000c5100000, 0x00000000c5200000|  0%| F|  |TAMS 0x00000000c5100000, 0x00000000c5100000| Untracked 
|  82|0x00000000c5200000, 0x00000000c5200000, 0x00000000c5300000|  0%| F|  |TAMS 0x00000000c5200000, 0x00000000c5200000| Untracked 
|  83|0x00000000c5300000, 0x00000000c5300000, 0x00000000c5400000|  0%| F|  |TAMS 0x00000000c5300000, 0x00000000c5300000| Untracked 
|  84|0x00000000c5400000, 0x00000000c5400000, 0x00000000c5500000|  0%| F|  |TAMS 0x00000000c5400000, 0x00000000c5400000| Untracked 
|  85|0x00000000c5500000, 0x00000000c5500000, 0x00000000c5600000|  0%| F|  |TAMS 0x00000000c5500000, 0x00000000c5500000| Untracked 
|  86|0x00000000c5600000, 0x00000000c5600000, 0x00000000c5700000|  0%| F|  |TAMS 0x00000000c5600000, 0x00000000c5600000| Untracked 
|  87|0x00000000c5700000, 0x00000000c5700000, 0x00000000c5800000|  0%| F|  |TAMS 0x00000000c5700000, 0x00000000c5700000| Untracked 
|  88|0x00000000c5800000, 0x00000000c5800000, 0x00000000c5900000|  0%| F|  |TAMS 0x00000000c5800000, 0x00000000c5800000| Untracked 
|  89|0x00000000c5900000, 0x00000000c5900000, 0x00000000c5a00000|  0%| F|  |TAMS 0x00000000c5900000, 0x00000000c5900000| Untracked 
|  90|0x00000000c5a00000, 0x00000000c5a00000, 0x00000000c5b00000|  0%| F|  |TAMS 0x00000000c5a00000, 0x00000000c5a00000| Untracked 
|  91|0x00000000c5b00000, 0x00000000c5b00000, 0x00000000c5c00000|  0%| F|  |TAMS 0x00000000c5b00000, 0x00000000c5b00000| Untracked 
|  92|0x00000000c5c00000, 0x00000000c5c00000, 0x00000000c5d00000|  0%| F|  |TAMS 0x00000000c5c00000, 0x00000000c5c00000| Untracked 
|  93|0x00000000c5d00000, 0x00000000c5d00000, 0x00000000c5e00000|  0%| F|  |TAMS 0x00000000c5d00000, 0x00000000c5d00000| Untracked 
|  94|0x00000000c5e00000, 0x00000000c5e00000, 0x00000000c5f00000|  0%| F|  |TAMS 0x00000000c5e00000, 0x00000000c5e00000| Untracked 
|  95|0x00000000c5f00000, 0x00000000c5f00000, 0x00000000c6000000|  0%| F|  |TAMS 0x00000000c5f00000, 0x00000000c5f00000| Untracked 
|  96|0x00000000c6000000, 0x00000000c6000000, 0x00000000c6100000|  0%| F|  |TAMS 0x00000000c6000000, 0x00000000c6000000| Untracked 
|  97|0x00000000c6100000, 0x00000000c6100000, 0x00000000c6200000|  0%| F|  |TAMS 0x00000000c6100000, 0x00000000c6100000| Untracked 
|  98|0x00000000c6200000, 0x00000000c6200000, 0x00000000c6300000|  0%| F|  |TAMS 0x00000000c6200000, 0x00000000c6200000| Untracked 
|  99|0x00000000c6300000, 0x00000000c6300000, 0x00000000c6400000|  0%| F|  |TAMS 0x00000000c6300000, 0x00000000c6300000| Untracked 
| 100|0x00000000c6400000, 0x00000000c6400000, 0x00000000c6500000|  0%| F|  |TAMS 0x00000000c6400000, 0x00000000c6400000| Untracked 
| 101|0x00000000c6500000, 0x00000000c6500000, 0x00000000c6600000|  0%| F|  |TAMS 0x00000000c6500000, 0x00000000c6500000| Untracked 
| 102|0x00000000c6600000, 0x00000000c6600000, 0x00000000c6700000|  0%| F|  |TAMS 0x00000000c6600000, 0x00000000c6600000| Untracked 
| 103|0x00000000c6700000, 0x00000000c6700000, 0x00000000c6800000|  0%| F|  |TAMS 0x00000000c6700000, 0x00000000c6700000| Untracked 
| 104|0x00000000c6800000, 0x00000000c6800000, 0x00000000c6900000|  0%| F|  |TAMS 0x00000000c6800000, 0x00000000c6800000| Untracked 
| 105|0x00000000c6900000, 0x00000000c6900000, 0x00000000c6a00000|  0%| F|  |TAMS 0x00000000c6900000, 0x00000000c6900000| Untracked 
| 106|0x00000000c6a00000, 0x00000000c6a00000, 0x00000000c6b00000|  0%| F|  |TAMS 0x00000000c6a00000, 0x00000000c6a00000| Untracked 
| 107|0x00000000c6b00000, 0x00000000c6b00000, 0x00000000c6c00000|  0%| F|  |TAMS 0x00000000c6b00000, 0x00000000c6b00000| Untracked 
| 108|0x00000000c6c00000, 0x00000000c6c00000, 0x00000000c6d00000|  0%| F|  |TAMS 0x00000000c6c00000, 0x00000000c6c00000| Untracked 
| 109|0x00000000c6d00000, 0x00000000c6d00000, 0x00000000c6e00000|  0%| F|  |TAMS 0x00000000c6d00000, 0x00000000c6d00000| Untracked 
| 110|0x00000000c6e00000, 0x00000000c6e00000, 0x00000000c6f00000|  0%| F|  |TAMS 0x00000000c6e00000, 0x00000000c6e00000| Untracked 
| 111|0x00000000c6f00000, 0x00000000c6f00000, 0x00000000c7000000|  0%| F|  |TAMS 0x00000000c6f00000, 0x00000000c6f00000| Untracked 
| 112|0x00000000c7000000, 0x00000000c7000000, 0x00000000c7100000|  0%| F|  |TAMS 0x00000000c7000000, 0x00000000c7000000| Untracked 
| 113|0x00000000c7100000, 0x00000000c7129f30, 0x00000000c7200000| 16%| E|  |TAMS 0x00000000c7100000, 0x00000000c7100000| Complete 

Card table byte_map: [0x0000012c7efd0000,0x0000012c7f1d0000] _byte_map_base: 0x0000012c7e9d0000

Marking Bits (Prev, Next): (CMBitMap*) 0x0000012c78b27fc0, (CMBitMap*) 0x0000012c78b27f80
 Prev Bits: [0x0000012c01000000, 0x0000012c02000000)
 Next Bits: [0x0000012c00000000, 0x0000012c01000000)

Polling page: 0x0000012c76ab0000

Metaspace:

Usage:
  Non-class:     47.37 MB used.
      Class:      7.86 MB used.
       Both:     55.23 MB used.

Virtual space:
  Non-class space:       64.00 MB reserved,      47.81 MB ( 75%) committed,  1 nodes.
      Class space:        1.00 GB reserved,       8.12 MB ( <1%) committed,  1 nodes.
             Both:        1.06 GB reserved,      55.94 MB (  5%) committed. 

Chunk freelists:
   Non-Class:  15.87 MB
       Class:  7.93 MB
        Both:  23.81 MB

MaxMetaspaceSize: unlimited
CompressedClassSpaceSize: 1.00 GB
Initial GC threshold: 21.00 MB
Current GC threshold: 93.25 MB
CDS: off
MetaspaceReclaimPolicy: balanced
 - commit_granule_bytes: 65536.
 - commit_granule_words: 8192.
 - virtual_space_node_default_size: 8388608.
 - enlarge_chunks_in_place: 1.
 - new_chunks_are_fully_committed: 0.
 - uncommit_free_chunks: 1.
 - use_allocation_guard: 0.
 - handle_deallocations: 1.


Internal statistics:

num_allocs_failed_limit: 8.
num_arena_births: 652.
num_arena_deaths: 222.
num_vsnodes_births: 2.
num_vsnodes_deaths: 0.
num_space_committed: 895.
num_space_uncommitted: 0.
num_chunks_returned_to_freelist: 277.
num_chunks_taken_from_freelist: 2403.
num_chunk_merges: 99.
num_chunk_splits: 1674.
num_chunks_enlarged: 1271.
num_inconsistent_stats: 0.

CodeCache: size=49152Kb used=14281Kb max_used=16847Kb free=34870Kb
 bounds [0x0000012c7b770000, 0x0000012c7c7f0000, 0x0000012c7e770000]
 total_blobs=8467 nmethods=7844 adapters=548
 compilation: enabled
              stopped_count=0, restarted_count=0
 full_count=0

Compilation events (20 events):
Event: 2678.549 Thread 0x0000012c0449cbd0 7832       1       java.lang.ProcessImpl$2::run (5 bytes)
Event: 2678.549 Thread 0x0000012c0449cbd0 nmethod 7832 0x0000012c7c2bd010 code [0x0000012c7c2bd1a0, 0x0000012c7c2bd288]
Event: 2678.549 Thread 0x0000012c0449cbd0 7833       1       java.lang.ProcessImpl$2::run (242 bytes)
Event: 2678.550 Thread 0x0000012c0449cbd0 nmethod 7833 0x0000012c7c2bb990 code [0x0000012c7c2bbc40, 0x0000012c7c2bc9d8]
Event: 2678.550 Thread 0x0000012c0449cbd0 7834       1       java.lang.ProcessImpl::waitFor (136 bytes)
Event: 2678.550 Thread 0x0000012c0449cbd0 nmethod 7834 0x0000012c7c2bb110 code [0x0000012c7c2bb320, 0x0000012c7c2bb738]
Event: 2678.762 Thread 0x0000012c0449cbd0 7836   !   1       java.io.FilterOutputStream::close (183 bytes)
Event: 2678.806 Thread 0x0000012c0449cbd0 nmethod 7836 0x0000012c7c2b9f90 code [0x0000012c7c2ba1a0, 0x0000012c7c2ba678]
Event: 2678.807 Thread 0x0000012c0449cbd0 7837   !   1       java.io.FileOutputStream::close (69 bytes)
Event: 2678.807 Thread 0x0000012c0449cbd0 nmethod 7837 0x0000012c7c2b9910 code [0x0000012c7c2b9ae0, 0x0000012c7c2b9e58]
Event: 2678.807 Thread 0x0000012c0449cbd0 7841       1       java.lang.ProcessImpl$$Lambda$953/0x0000000100667588::run (8 bytes)
Event: 2678.807 Thread 0x0000012c0449cbd0 nmethod 7841 0x0000012c7c2b9610 code [0x0000012c7c2b97a0, 0x0000012c7c2b9888]
Event: 2678.807 Thread 0x0000012c0449cbd0 7842       1       java.lang.ProcessImpl::lambda$new$0 (6 bytes)
Event: 2678.807 Thread 0x0000012c0449cbd0 nmethod 7842 0x0000012c7c2b9310 code [0x0000012c7c2b94a0, 0x0000012c7c2b9568]
Event: 2678.807 Thread 0x0000012c0449cbd0 7838       1       java.io.FileOutputStream$1::<init> (10 bytes)
Event: 2678.807 Thread 0x0000012c0449cbd0 nmethod 7838 0x0000012c7c2b9010 code [0x0000012c7c2b91a0, 0x0000012c7c2b92b8]
Event: 2678.807 Thread 0x0000012c0449cbd0 7839       1       java.io.FileOutputStream$1::close (11 bytes)
Event: 2678.807 Thread 0x0000012c0449cbd0 nmethod 7839 0x0000012c7c2b8990 code [0x0000012c7c2b8b40, 0x0000012c7c2b8e58]
Event: 34495.045 Thread 0x0000012c0449cbd0 7844       1       java.time.Instant::getNano (5 bytes)
Event: 34495.046 Thread 0x0000012c0449cbd0 nmethod 7844 0x0000012c7c2b8690 code [0x0000012c7c2b8820, 0x0000012c7c2b88f8]

GC Heap History (20 events):
Event: 105572.665 GC heap before
{Heap before GC invocations=4284 (full 4224):
 garbage-first heap   total 116736K, used 34708K [0x00000000c0000000, 0x0000000100000000)
  region size 1024K, 1 young (1024K), 0 survivors (0K)
 Metaspace       used 56554K, committed 57280K, reserved 1114112K
  class space    used 8044K, committed 8320K, reserved 1048576K
}
Event: 105572.705 GC heap after
{Heap after GC invocations=4285 (full 4225):
 garbage-first heap   total 116736K, used 34708K [0x00000000c0000000, 0x0000000100000000)
  region size 1024K, 0 young (0K), 0 survivors (0K)
 Metaspace       used 56554K, committed 57280K, reserved 1114112K
  class space    used 8044K, committed 8320K, reserved 1048576K
}
Event: 105582.938 GC heap before
{Heap before GC invocations=4285 (full 4225):
 garbage-first heap   total 116736K, used 34708K [0x00000000c0000000, 0x0000000100000000)
  region size 1024K, 1 young (1024K), 0 survivors (0K)
 Metaspace       used 56554K, committed 57280K, reserved 1114112K
  class space    used 8044K, committed 8320K, reserved 1048576K
}
Event: 105582.980 GC heap after
{Heap after GC invocations=4286 (full 4226):
 garbage-first heap   total 116736K, used 34708K [0x00000000c0000000, 0x0000000100000000)
  region size 1024K, 0 young (0K), 0 survivors (0K)
 Metaspace       used 56554K, committed 57280K, reserved 1114112K
  class space    used 8044K, committed 8320K, reserved 1048576K
}
Event: 105593.236 GC heap before
{Heap before GC invocations=4286 (full 4226):
 garbage-first heap   total 116736K, used 34708K [0x00000000c0000000, 0x0000000100000000)
  region size 1024K, 1 young (1024K), 0 survivors (0K)
 Metaspace       used 56554K, committed 57280K, reserved 1114112K
  class space    used 8044K, committed 8320K, reserved 1048576K
}
Event: 105593.280 GC heap after
{Heap after GC invocations=4287 (full 4227):
 garbage-first heap   total 116736K, used 34708K [0x00000000c0000000, 0x0000000100000000)
  region size 1024K, 0 young (0K), 0 survivors (0K)
 Metaspace       used 56554K, committed 57280K, reserved 1114112K
  class space    used 8044K, committed 8320K, reserved 1048576K
}
Event: 105603.511 GC heap before
{Heap before GC invocations=4287 (full 4227):
 garbage-first heap   total 116736K, used 34708K [0x00000000c0000000, 0x0000000100000000)
  region size 1024K, 1 young (1024K), 0 survivors (0K)
 Metaspace       used 56554K, committed 57280K, reserved 1114112K
  class space    used 8044K, committed 8320K, reserved 1048576K
}
Event: 105603.551 GC heap after
{Heap after GC invocations=4288 (full 4228):
 garbage-first heap   total 116736K, used 34708K [0x00000000c0000000, 0x0000000100000000)
  region size 1024K, 0 young (0K), 0 survivors (0K)
 Metaspace       used 56554K, committed 57280K, reserved 1114112K
  class space    used 8044K, committed 8320K, reserved 1048576K
}
Event: 105613.789 GC heap before
{Heap before GC invocations=4288 (full 4228):
 garbage-first heap   total 116736K, used 34708K [0x00000000c0000000, 0x0000000100000000)
  region size 1024K, 1 young (1024K), 0 survivors (0K)
 Metaspace       used 56554K, committed 57280K, reserved 1114112K
  class space    used 8044K, committed 8320K, reserved 1048576K
}
Event: 105613.828 GC heap after
{Heap after GC invocations=4289 (full 4229):
 garbage-first heap   total 116736K, used 34708K [0x00000000c0000000, 0x0000000100000000)
  region size 1024K, 0 young (0K), 0 survivors (0K)
 Metaspace       used 56554K, committed 57280K, reserved 1114112K
  class space    used 8044K, committed 8320K, reserved 1048576K
}
Event: 105624.069 GC heap before
{Heap before GC invocations=4289 (full 4229):
 garbage-first heap   total 116736K, used 34708K [0x00000000c0000000, 0x0000000100000000)
  region size 1024K, 1 young (1024K), 0 survivors (0K)
 Metaspace       used 56554K, committed 57280K, reserved 1114112K
  class space    used 8044K, committed 8320K, reserved 1048576K
}
Event: 105624.109 GC heap after
{Heap after GC invocations=4290 (full 4230):
 garbage-first heap   total 116736K, used 34708K [0x00000000c0000000, 0x0000000100000000)
  region size 1024K, 0 young (0K), 0 survivors (0K)
 Metaspace       used 56554K, committed 57280K, reserved 1114112K
  class space    used 8044K, committed 8320K, reserved 1048576K
}
Event: 105634.338 GC heap before
{Heap before GC invocations=4290 (full 4230):
 garbage-first heap   total 116736K, used 34708K [0x00000000c0000000, 0x0000000100000000)
  region size 1024K, 1 young (1024K), 0 survivors (0K)
 Metaspace       used 56554K, committed 57280K, reserved 1114112K
  class space    used 8044K, committed 8320K, reserved 1048576K
}
Event: 105634.379 GC heap after
{Heap after GC invocations=4291 (full 4231):
 garbage-first heap   total 116736K, used 34708K [0x00000000c0000000, 0x0000000100000000)
  region size 1024K, 0 young (0K), 0 survivors (0K)
 Metaspace       used 56554K, committed 57280K, reserved 1114112K
  class space    used 8044K, committed 8320K, reserved 1048576K
}
Event: 105644.670 GC heap before
{Heap before GC invocations=4291 (full 4231):
 garbage-first heap   total 116736K, used 34708K [0x00000000c0000000, 0x0000000100000000)
  region size 1024K, 1 young (1024K), 0 survivors (0K)
 Metaspace       used 56554K, committed 57280K, reserved 1114112K
  class space    used 8044K, committed 8320K, reserved 1048576K
}
Event: 105644.722 GC heap after
{Heap after GC invocations=4292 (full 4232):
 garbage-first heap   total 116736K, used 34708K [0x00000000c0000000, 0x0000000100000000)
  region size 1024K, 0 young (0K), 0 survivors (0K)
 Metaspace       used 56554K, committed 57280K, reserved 1114112K
  class space    used 8044K, committed 8320K, reserved 1048576K
}
Event: 105655.082 GC heap before
{Heap before GC invocations=4292 (full 4232):
 garbage-first heap   total 116736K, used 34708K [0x00000000c0000000, 0x0000000100000000)
  region size 1024K, 1 young (1024K), 0 survivors (0K)
 Metaspace       used 56554K, committed 57280K, reserved 1114112K
  class space    used 8044K, committed 8320K, reserved 1048576K
}
Event: 105655.149 GC heap after
{Heap after GC invocations=4293 (full 4233):
 garbage-first heap   total 116736K, used 34708K [0x00000000c0000000, 0x0000000100000000)
  region size 1024K, 0 young (0K), 0 survivors (0K)
 Metaspace       used 56554K, committed 57280K, reserved 1114112K
  class space    used 8044K, committed 8320K, reserved 1048576K
}
Event: 105665.498 GC heap before
{Heap before GC invocations=4293 (full 4233):
 garbage-first heap   total 116736K, used 34708K [0x00000000c0000000, 0x0000000100000000)
  region size 1024K, 1 young (1024K), 0 survivors (0K)
 Metaspace       used 56554K, committed 57280K, reserved 1114112K
  class space    used 8044K, committed 8320K, reserved 1048576K
}
Event: 105665.559 GC heap after
{Heap after GC invocations=4294 (full 4234):
 garbage-first heap   total 116736K, used 34708K [0x00000000c0000000, 0x0000000100000000)
  region size 1024K, 0 young (0K), 0 survivors (0K)
 Metaspace       used 56554K, committed 57280K, reserved 1114112K
  class space    used 8044K, committed 8320K, reserved 1048576K
}

Dll operation events (9 events):
Event: 0.018 Loaded shared library c:\Users\user1\.vscode\extensions\redhat.java-1.21.0-win32-x64\jre\17.0.7-win32-x86_64\bin\java.dll
Event: 0.482 Loaded shared library C:\Users\user1\.vscode\extensions\redhat.java-1.21.0-win32-x64\jre\17.0.7-win32-x86_64\bin\net.dll
Event: 0.487 Loaded shared library C:\Users\user1\.vscode\extensions\redhat.java-1.21.0-win32-x64\jre\17.0.7-win32-x86_64\bin\nio.dll
Event: 0.503 Loaded shared library C:\Users\user1\.vscode\extensions\redhat.java-1.21.0-win32-x64\jre\17.0.7-win32-x86_64\bin\zip.dll
Event: 2.318 Loaded shared library C:\Users\user1\.vscode\extensions\redhat.java-1.21.0-win32-x64\jre\17.0.7-win32-x86_64\bin\jimage.dll
Event: 5.832 Loaded shared library C:\Users\user1\.vscode\extensions\redhat.java-1.21.0-win32-x64\jre\17.0.7-win32-x86_64\bin\management.dll
Event: 5.836 Loaded shared library C:\Users\user1\.vscode\extensions\redhat.java-1.21.0-win32-x64\jre\17.0.7-win32-x86_64\bin\management_ext.dll
Event: 7.023 Loaded shared library C:\Users\user1\.vscode\extensions\redhat.java-1.21.0-win32-x64\jre\17.0.7-win32-x86_64\bin\sunmscapi.dll
Event: 16.952 Loaded shared library c:\Users\user1\.vscode\extensions\redhat.java-1.21.0-win32-x64\jre\17.0.7-win32-x86_64\bin\verify.dll

Deoptimization events (20 events):
Event: 6.148 Thread 0x0000012c095bb800 DEOPT PACKING pc=0x0000012c7c028aab sp=0x0000000879ffe4d0
Event: 6.148 Thread 0x0000012c095bb800 DEOPT UNPACKING pc=0x0000012c7b7c7143 sp=0x0000000879ffda18 mode 3
Event: 6.229 Thread 0x0000012c0a60ed60 DEOPT PACKING pc=0x0000012c7bdbb801 sp=0x000000087b7fef10
Event: 6.229 Thread 0x0000012c0a60ed60 DEOPT UNPACKING pc=0x0000012c7b7c7143 sp=0x000000087b7fe3a0 mode 3
Event: 6.281 Thread 0x0000012c095b7940 DEOPT PACKING pc=0x0000012c7bd9cf97 sp=0x0000000879bff000
Event: 6.281 Thread 0x0000012c095b7940 DEOPT UNPACKING pc=0x0000012c7b7c7143 sp=0x0000000879bfe458 mode 3
Event: 7.015 Thread 0x0000012c0a60b3a0 DEOPT PACKING pc=0x0000012c7b9eff8c sp=0x000000087bdfe520
Event: 7.015 Thread 0x0000012c0a60b3a0 DEOPT UNPACKING pc=0x0000012c7b7c7143 sp=0x000000087bdfd9e8 mode 0
Event: 18.072 Thread 0x0000012c095bb800 DEOPT PACKING pc=0x0000012c7c728294 sp=0x0000000879ffdc80
Event: 18.072 Thread 0x0000012c095bb800 DEOPT UNPACKING pc=0x0000012c7b7c7143 sp=0x0000000879ffd1b0 mode 0
Event: 18.073 Thread 0x0000012c095bb800 DEOPT PACKING pc=0x0000012c7c75249c sp=0x0000000879ffdeb0
Event: 18.073 Thread 0x0000012c095bb800 DEOPT UNPACKING pc=0x0000012c7b7c7143 sp=0x0000000879ffd3b8 mode 0
Event: 18.073 Thread 0x0000012c095bb800 DEOPT PACKING pc=0x0000012c7c2f9574 sp=0x0000000879ffdfa0
Event: 18.073 Thread 0x0000012c095bb800 DEOPT UNPACKING pc=0x0000012c7b7c7143 sp=0x0000000879ffd498 mode 0
Event: 18.073 Thread 0x0000012c095bb800 DEOPT PACKING pc=0x0000012c7c325ef4 sp=0x0000000879ffe070
Event: 18.073 Thread 0x0000012c095bb800 DEOPT UNPACKING pc=0x0000012c7b7c7143 sp=0x0000000879ffd548 mode 0
Event: 18.073 Thread 0x0000012c095bb800 DEOPT PACKING pc=0x0000012c7c3246a4 sp=0x0000000879ffe120
Event: 18.073 Thread 0x0000012c095bb800 DEOPT UNPACKING pc=0x0000012c7b7c7143 sp=0x0000000879ffd6a0 mode 0
Event: 18.073 Thread 0x0000012c095bb800 DEOPT PACKING pc=0x0000012c7c71ecac sp=0x0000000879ffe440
Event: 18.073 Thread 0x0000012c095bb800 DEOPT UNPACKING pc=0x0000012c7b7c7143 sp=0x0000000879ffd8d0 mode 0

Classes unloaded (20 events):
Event: 117.999 Thread 0x0000012c043efb90 Unloading class 0x0000000100530000 'jdk/internal/reflect/GeneratedMethodAccessor17'
Event: 117.999 Thread 0x0000012c043efb90 Unloading class 0x00000001003a9400 'java/lang/invoke/LambdaForm$MH+0x00000001003a9400'
Event: 117.999 Thread 0x0000012c043efb90 Unloading class 0x00000001003a9000 'java/lang/invoke/LambdaForm$MH+0x00000001003a9000'
Event: 117.999 Thread 0x0000012c043efb90 Unloading class 0x00000001003a8c00 'java/lang/invoke/LambdaForm$MH+0x00000001003a8c00'
Event: 117.999 Thread 0x0000012c043efb90 Unloading class 0x000000010039ec00 'java/lang/invoke/LambdaForm$MH+0x000000010039ec00'
Event: 117.999 Thread 0x0000012c043efb90 Unloading class 0x000000010039e400 'java/lang/invoke/LambdaForm$MH+0x000000010039e400'
Event: 117.999 Thread 0x0000012c043efb90 Unloading class 0x000000010039e000 'java/lang/invoke/LambdaForm$MH+0x000000010039e000'
Event: 117.999 Thread 0x0000012c043efb90 Unloading class 0x000000010039dc00 'java/lang/invoke/LambdaForm$MH+0x000000010039dc00'
Event: 117.999 Thread 0x0000012c043efb90 Unloading class 0x000000010039d400 'java/lang/invoke/LambdaForm$MH+0x000000010039d400'
Event: 117.999 Thread 0x0000012c043efb90 Unloading class 0x000000010039d000 'java/lang/invoke/LambdaForm$MH+0x000000010039d000'
Event: 117.999 Thread 0x0000012c043efb90 Unloading class 0x000000010008b800 'java/lang/invoke/LambdaForm$MH+0x000000010008b800'
Event: 117.999 Thread 0x0000012c043efb90 Unloading class 0x000000010008b400 'java/lang/invoke/LambdaForm$MH+0x000000010008b400'
Event: 117.999 Thread 0x0000012c043efb90 Unloading class 0x000000010008b000 'java/lang/invoke/LambdaForm$MH+0x000000010008b000'
Event: 117.999 Thread 0x0000012c043efb90 Unloading class 0x000000010008ac00 'java/lang/invoke/LambdaForm$MH+0x000000010008ac00'
Event: 118.000 Thread 0x0000012c043efb90 Unloading class 0x000000010008a800 'java/lang/invoke/LambdaForm$MH+0x000000010008a800'
Event: 118.000 Thread 0x0000012c043efb90 Unloading class 0x000000010008a400 'java/lang/invoke/LambdaForm$MH+0x000000010008a400'
Event: 118.000 Thread 0x0000012c043efb90 Unloading class 0x0000000100089c00 'java/lang/invoke/LambdaForm$MH+0x0000000100089c00'
Event: 118.000 Thread 0x0000012c043efb90 Unloading class 0x0000000100089400 'java/lang/invoke/LambdaForm$MH+0x0000000100089400'
Event: 118.000 Thread 0x0000012c043efb90 Unloading class 0x0000000100088c00 'java/lang/invoke/LambdaForm$MH+0x0000000100088c00'
Event: 118.000 Thread 0x0000012c043efb90 Unloading class 0x0000000100088400 'java/lang/invoke/LambdaForm$MH+0x0000000100088400'

Classes redefined (0 events):
No events

Internal exceptions (20 events):
Event: 16.474 Thread 0x0000012c0b457220 Exception <a 'sun/nio/fs/WindowsException'{0x00000000f65e78e0}> (0x00000000f65e78e0) 
thrown [s\src\hotspot\share\prims\jni.cpp, line 516]
Event: 16.474 Thread 0x0000012c0b457220 Exception <a 'sun/nio/fs/WindowsException'{0x00000000f65e82d8}> (0x00000000f65e82d8) 
thrown [s\src\hotspot\share\prims\jni.cpp, line 516]
Event: 16.475 Thread 0x0000012c0b457220 Exception <a 'sun/nio/fs/WindowsException'{0x00000000f65e8690}> (0x00000000f65e8690) 
thrown [s\src\hotspot\share\prims\jni.cpp, line 516]
Event: 16.475 Thread 0x0000012c0b457220 Exception <a 'sun/nio/fs/WindowsException'{0x00000000f65e90a0}> (0x00000000f65e90a0) 
thrown [s\src\hotspot\share\prims\jni.cpp, line 516]
Event: 16.476 Thread 0x0000012c0b457220 Exception <a 'sun/nio/fs/WindowsException'{0x00000000f65e9478}> (0x00000000f65e9478) 
thrown [s\src\hotspot\share\prims\jni.cpp, line 516]
Event: 16.476 Thread 0x0000012c0b457220 Exception <a 'sun/nio/fs/WindowsException'{0x00000000f65e9ea0}> (0x00000000f65e9ea0) 
thrown [s\src\hotspot\share\prims\jni.cpp, line 516]
Event: 16.476 Thread 0x0000012c0b457220 Exception <a 'sun/nio/fs/WindowsException'{0x00000000f65ea290}> (0x00000000f65ea290) 
thrown [s\src\hotspot\share\prims\jni.cpp, line 516]
Event: 16.477 Thread 0x0000012c0b457220 Exception <a 'sun/nio/fs/WindowsException'{0x00000000f65eacb0}> (0x00000000f65eacb0) 
thrown [s\src\hotspot\share\prims\jni.cpp, line 516]
Event: 16.477 Thread 0x0000012c0b457220 Exception <a 'sun/nio/fs/WindowsException'{0x00000000f65eb098}> (0x00000000f65eb098) 
thrown [s\src\hotspot\share\prims\jni.cpp, line 516]
Event: 16.478 Thread 0x0000012c0b45cd90 Exception <a 'java/lang/NoSuchMethodError'{0x00000000f6408038}: 'java.lang.Object java.lang.invoke.Invokers$Holder.invoke_MT(java.lang.Object, java.lang.Object, java.lang.Object)'> (0x00000000f6408038) 
thrown [s\src\hotspot\share\interpreter\linkResolver.cpp, line 759]
Event: 16.616 Thread 0x0000012c0b457220 Exception <a 'sun/nio/fs/WindowsException'{0x00000000f3eb0908}> (0x00000000f3eb0908) 
thrown [s\src\hotspot\share\prims\jni.cpp, line 516]
Event: 16.616 Thread 0x0000012c0b4598a0 Exception <a 'sun/nio/fs/WindowsException'{0x00000000f38d0b58}> (0x00000000f38d0b58) 
thrown [s\src\hotspot\share\prims\jni.cpp, line 516]
Event: 16.617 Thread 0x0000012c0b45ba50 Exception <a 'sun/nio/fs/WindowsException'{0x00000000f3710318}> (0x00000000f3710318) 
thrown [s\src\hotspot\share\prims\jni.cpp, line 516]
Event: 16.618 Thread 0x0000012c0b45c3f0 Exception <a 'sun/nio/fs/WindowsException'{0x00000000f37889c8}> (0x00000000f37889c8) 
thrown [s\src\hotspot\share\prims\jni.cpp, line 516]
Event: 16.620 Thread 0x0000012c0b457220 Exception <a 'sun/nio/fs/WindowsException'{0x00000000f3eb3128}> (0x00000000f3eb3128) 
thrown [s\src\hotspot\share\prims\jni.cpp, line 516]
Event: 16.620 Thread 0x0000012c0b456d50 Exception <a 'sun/nio/fs/WindowsException'{0x00000000f37f56a0}> (0x00000000f37f56a0) 
thrown [s\src\hotspot\share\prims\jni.cpp, line 516]
Event: 16.643 Thread 0x0000012c095bb800 Exception <a 'java/lang/NoSuchMethodError'{0x00000000f656e6d8}: 'void java.lang.invoke.DirectMethodHandle$Holder.invokeStatic(java.lang.Object, java.lang.Object, java.lang.Object, java.lang.Object, java.lang.Object, java.lang.Object, java.lang.Object)'> (0x00000000f656e6d8) 
thrown [s\src\hotspot\share\interpreter\linkResolver.cpp, line 759]
Event: 55.870 Thread 0x0000012c0a3a8c70 Exception <a 'java/lang/NoSuchMethodError'{0x00000000ef4961a8}: 'void java.lang.invoke.DirectMethodHandle$Holder.invokeStatic(java.lang.Object, long)'> (0x00000000ef4961a8) 
thrown [s\src\hotspot\share\interpreter\linkResolver.cpp, line 759]
Event: 55.871 Thread 0x0000012c0a3a8c70 Exception <a 'java/lang/NoSuchMethodError'{0x00000000ef49b550}: 'java.lang.Object java.lang.invoke.DirectMethodHandle$Holder.newInvokeSpecial(java.lang.Object, long)'> (0x00000000ef49b550) 
thrown [s\src\hotspot\share\interpreter\linkResolver.cpp, line 759]
Event: 34495.034 Thread 0x0000012c0a3a8c70 Exception <a 'java/io/IOException'{0x00000000c7400640}: CreateProcess error=1455, 이 작업을 완료하기 위한 페이징 파일이 너무 작습니다> (0x00000000c7400640) 
thrown [s\src\hotspot\share\prims\jni.cpp, line 535]

VM Operations (20 events):
Event: 105572.706 Executing VM operation: G1CollectFull done
Event: 105582.938 Executing VM operation: G1CollectFull
Event: 105582.980 Executing VM operation: G1CollectFull done
Event: 105593.236 Executing VM operation: G1CollectFull
Event: 105593.280 Executing VM operation: G1CollectFull done
Event: 105603.511 Executing VM operation: G1CollectFull
Event: 105603.551 Executing VM operation: G1CollectFull done
Event: 105613.788 Executing VM operation: G1CollectFull
Event: 105613.828 Executing VM operation: G1CollectFull done
Event: 105624.069 Executing VM operation: G1CollectFull
Event: 105624.109 Executing VM operation: G1CollectFull done
Event: 105634.337 Executing VM operation: G1CollectFull
Event: 105634.380 Executing VM operation: G1CollectFull done
Event: 105644.670 Executing VM operation: G1CollectFull
Event: 105644.722 Executing VM operation: G1CollectFull done
Event: 105655.082 Executing VM operation: G1CollectFull
Event: 105655.149 Executing VM operation: G1CollectFull done
Event: 105665.498 Executing VM operation: G1CollectFull
Event: 105665.559 Executing VM operation: G1CollectFull done
Event: 105675.621 Executing VM operation: G1CollectFull

Events (20 events):
Event: 35.798 Thread 0x0000012c0b45bf20 Thread exited: 0x0000012c0b45bf20
Event: 39.496 Thread 0x0000012c0468cad0 Thread exited: 0x0000012c0468cad0
Event: 55.846 loading class java/lang/ProcessBuilder
Event: 55.846 loading class java/lang/ProcessBuilder done
Event: 55.846 loading class java/lang/ProcessImpl
Event: 55.847 loading class java/lang/ProcessImpl done
Event: 55.871 loading class java/lang/ProcessImpl$2
Event: 55.871 loading class java/lang/ProcessImpl$2 done
Event: 55.871 loading class java/lang/Process$PipeInputStream
Event: 55.871 loading class java/lang/Process$PipeInputStream done
Event: 55.872 loading class jdk/internal/event/ProcessStartEvent
Event: 55.872 loading class jdk/internal/event/ProcessStartEvent done
Event: 56.137 loading class java/io/FileOutputStream$1
Event: 56.137 loading class java/io/FileOutputStream$1 done
Event: 66.087 Thread 0x0000012c095bce20 Thread exited: 0x0000012c095bce20
Event: 67.095 Thread 0x0000012c095bc670 Thread exited: 0x0000012c095bc670
Event: 67.095 Thread 0x0000012c095b7e10 Thread exited: 0x0000012c095b7e10
Event: 78.649 Thread 0x0000012c095bb800 Thread exited: 0x0000012c095bb800
Event: 138.657 Thread 0x0000012c0b45b0b0 Thread exited: 0x0000012c0b45b0b0
Event: 198.665 Thread 0x0000012c0a60b3a0 Thread exited: 0x0000012c0a60b3a0


Dynamic libraries:
0x00007ff76e730000 - 0x00007ff76e73e000 	c:\Users\user1\.vscode\extensions\redhat.java-1.21.0-win32-x64\jre\17.0.7-win32-x86_64\bin\java.exe
0x00007ffb70ab0000 - 0x00007ffb70ca8000 	C:\WINDOWS\SYSTEM32\ntdll.dll
0x00007ffb6f840000 - 0x00007ffb6f8ff000 	C:\WINDOWS\System32\KERNEL32.DLL
0x00007ffb6e4b0000 - 0x00007ffb6e7a6000 	C:\WINDOWS\System32\KERNELBASE.dll
0x00007ffb6e8f0000 - 0x00007ffb6e9f0000 	C:\WINDOWS\System32\ucrtbase.dll
0x00007ffb3fed0000 - 0x00007ffb3fee7000 	c:\Users\user1\.vscode\extensions\redhat.java-1.21.0-win32-x64\jre\17.0.7-win32-x86_64\bin\jli.dll
0x00007ffb3fc20000 - 0x00007ffb3fc39000 	c:\Users\user1\.vscode\extensions\redhat.java-1.21.0-win32-x64\jre\17.0.7-win32-x86_64\bin\VCRUNTIME140.dll
0x00007ffb6eb30000 - 0x00007ffb6eccd000 	C:\WINDOWS\System32\USER32.dll
0x00007ffb6e7b0000 - 0x00007ffb6e7d2000 	C:\WINDOWS\System32\win32u.dll
0x00007ffb6f810000 - 0x00007ffb6f83c000 	C:\WINDOWS\System32\GDI32.dll
0x00007ffb6e9f0000 - 0x00007ffb6eb05000 	C:\WINDOWS\System32\gdi32full.dll
0x00007ffb6e360000 - 0x00007ffb6e3fd000 	C:\WINDOWS\System32\msvcp_win.dll
0x00007ffb62630000 - 0x00007ffb628ca000 	C:\WINDOWS\WinSxS\amd64_microsoft.windows.common-controls_6595b64144ccf1df_6.0.19041.1110_none_60b5254171f9507e\COMCTL32.dll
0x00007ffb6f960000 - 0x00007ffb6f9fe000 	C:\WINDOWS\System32\msvcrt.dll
0x00007ffb6eec0000 - 0x00007ffb6eef0000 	C:\WINDOWS\System32\IMM32.DLL
0x00007ffb60450000 - 0x00007ffb6045c000 	c:\Users\user1\.vscode\extensions\redhat.java-1.21.0-win32-x64\jre\17.0.7-win32-x86_64\bin\vcruntime140_1.dll
0x00007ffb31480000 - 0x00007ffb31511000 	c:\Users\user1\.vscode\extensions\redhat.java-1.21.0-win32-x64\jre\17.0.7-win32-x86_64\bin\msvcp140.dll
0x00007ffb0a010000 - 0x00007ffb0ac58000 	c:\Users\user1\.vscode\extensions\redhat.java-1.21.0-win32-x64\jre\17.0.7-win32-x86_64\bin\server\jvm.dll
0x00007ffb704d0000 - 0x00007ffb7057f000 	C:\WINDOWS\System32\ADVAPI32.dll
0x00007ffb70040000 - 0x00007ffb700dc000 	C:\WINDOWS\System32\sechost.dll
0x00007ffb6ed90000 - 0x00007ffb6eeb6000 	C:\WINDOWS\System32\RPCRT4.dll
0x00007ffb652b0000 - 0x00007ffb652d7000 	C:\WINDOWS\SYSTEM32\WINMM.dll
0x00007ffb527c0000 - 0x00007ffb527c9000 	C:\WINDOWS\SYSTEM32\WSOCK32.dll
0x00007ffb67fe0000 - 0x00007ffb67fea000 	C:\WINDOWS\SYSTEM32\VERSION.dll
0x00007ffb702a0000 - 0x00007ffb7030b000 	C:\WINDOWS\System32\WS2_32.dll
0x00007ffb6c050000 - 0x00007ffb6c062000 	C:\WINDOWS\SYSTEM32\kernel.appcore.dll
0x00007ffb4a7a0000 - 0x00007ffb4a7aa000 	c:\Users\user1\.vscode\extensions\redhat.java-1.21.0-win32-x64\jre\17.0.7-win32-x86_64\bin\jimage.dll
0x00007ffb631e0000 - 0x00007ffb633c4000 	C:\WINDOWS\SYSTEM32\DBGHELP.DLL
0x00007ffb52930000 - 0x00007ffb52964000 	C:\WINDOWS\SYSTEM32\dbgcore.DLL
0x00007ffb6e7e0000 - 0x00007ffb6e862000 	C:\WINDOWS\System32\bcryptPrimitives.dll
0x00007ffb38610000 - 0x00007ffb38635000 	c:\Users\user1\.vscode\extensions\redhat.java-1.21.0-win32-x64\jre\17.0.7-win32-x86_64\bin\java.dll
0x00007ffb3fa40000 - 0x00007ffb3fa58000 	c:\Users\user1\.vscode\extensions\redhat.java-1.21.0-win32-x64\jre\17.0.7-win32-x86_64\bin\zip.dll
0x00007ffb6efa0000 - 0x00007ffb6f6e4000 	C:\WINDOWS\System32\SHELL32.dll
0x00007ffb6c250000 - 0x00007ffb6c9e3000 	C:\WINDOWS\SYSTEM32\windows.storage.dll
0x00007ffb6fa10000 - 0x00007ffb6fd64000 	C:\WINDOWS\System32\combase.dll
0x00007ffb6dbd0000 - 0x00007ffb6dbfe000 	C:\WINDOWS\SYSTEM32\Wldp.dll
0x00007ffb6eef0000 - 0x00007ffb6ef9d000 	C:\WINDOWS\System32\SHCORE.dll
0x00007ffb6ed30000 - 0x00007ffb6ed85000 	C:\WINDOWS\System32\shlwapi.dll
0x00007ffb6e0c0000 - 0x00007ffb6e0e5000 	C:\WINDOWS\SYSTEM32\profapi.dll
0x00007ffb3e8d0000 - 0x00007ffb3e8e9000 	C:\Users\user1\.vscode\extensions\redhat.java-1.21.0-win32-x64\jre\17.0.7-win32-x86_64\bin\net.dll
0x00007ffb68060000 - 0x00007ffb6816a000 	C:\WINDOWS\SYSTEM32\WINHTTP.dll
0x00007ffb6d930000 - 0x00007ffb6d99a000 	C:\WINDOWS\system32\mswsock.dll
0x00007ffb3a6d0000 - 0x00007ffb3a6e5000 	C:\Users\user1\.vscode\extensions\redhat.java-1.21.0-win32-x64\jre\17.0.7-win32-x86_64\bin\nio.dll
0x00007ffb6db20000 - 0x00007ffb6db38000 	C:\WINDOWS\SYSTEM32\CRYPTSP.dll
0x00007ffb6d1d0000 - 0x00007ffb6d204000 	C:\WINDOWS\system32\rsaenh.dll
0x00007ffb6e8c0000 - 0x00007ffb6e8e7000 	C:\WINDOWS\System32\bcrypt.dll
0x00007ffb6e040000 - 0x00007ffb6e06e000 	C:\WINDOWS\SYSTEM32\USERENV.dll
0x00007ffb6db40000 - 0x00007ffb6db4c000 	C:\WINDOWS\SYSTEM32\CRYPTBASE.dll
0x00007ffb6d5d0000 - 0x00007ffb6d60b000 	C:\WINDOWS\SYSTEM32\IPHLPAPI.DLL
0x00007ffb6fa00000 - 0x00007ffb6fa08000 	C:\WINDOWS\System32\NSI.dll
0x00007ffb68c50000 - 0x00007ffb68c67000 	C:\WINDOWS\SYSTEM32\dhcpcsvc6.DLL
0x00007ffb68c30000 - 0x00007ffb68c4d000 	C:\WINDOWS\SYSTEM32\dhcpcsvc.DLL
0x00007ffb6d620000 - 0x00007ffb6d6ea000 	C:\WINDOWS\SYSTEM32\DNSAPI.dll
0x00007ffb4c100000 - 0x00007ffb4c109000 	C:\Users\user1\.vscode\extensions\redhat.java-1.21.0-win32-x64\jre\17.0.7-win32-x86_64\bin\management.dll
0x00007ffb4c0f0000 - 0x00007ffb4c0fb000 	C:\Users\user1\.vscode\extensions\redhat.java-1.21.0-win32-x64\jre\17.0.7-win32-x86_64\bin\management_ext.dll
0x00007ffb700e0000 - 0x00007ffb700e8000 	C:\WINDOWS\System32\PSAPI.DLL
0x00007ffb4c930000 - 0x00007ffb4c93e000 	C:\Users\user1\.vscode\extensions\redhat.java-1.21.0-win32-x64\jre\17.0.7-win32-x86_64\bin\sunmscapi.dll
0x00007ffb6e190000 - 0x00007ffb6e2ee000 	C:\WINDOWS\System32\CRYPT32.dll
0x00007ffb6dc40000 - 0x00007ffb6dc68000 	C:\WINDOWS\SYSTEM32\ncrypt.dll
0x00007ffb6dc00000 - 0x00007ffb6dc3b000 	C:\WINDOWS\SYSTEM32\NTASN1.dll
0x00007ffb5d250000 - 0x00007ffb5d25a000 	C:\Windows\System32\rasadhlp.dll
0x00007ffb5d180000 - 0x00007ffb5d202000 	C:\WINDOWS\System32\fwpuclnt.dll
0x00007ffb47590000 - 0x00007ffb475a0000 	c:\Users\user1\.vscode\extensions\redhat.java-1.21.0-win32-x64\jre\17.0.7-win32-x86_64\bin\verify.dll

dbghelp: loaded successfully - version: 4.0.5 - missing functions: none
symbol engine: initialized successfully - sym options: 0x614 - pdb path: .;c:\Users\user1\.vscode\extensions\redhat.java-1.21.0-win32-x64\jre\17.0.7-win32-x86_64\bin;C:\WINDOWS\SYSTEM32;C:\WINDOWS\WinSxS\amd64_microsoft.windows.common-controls_6595b64144ccf1df_6.0.19041.1110_none_60b5254171f9507e;c:\Users\user1\.vscode\extensions\redhat.java-1.21.0-win32-x64\jre\17.0.7-win32-x86_64\bin\server

VM Arguments:
jvm_args: -XX:+HeapDumpOnOutOfMemoryError -Xmx1024m -Dsts.lsp.client=vscode -Dsts.log.file=/dev/null -XX:TieredStopAtLevel=1 -Xlog:jni+resolve=off -Dspring.config.location=file:c:\Users\user1\.vscode\extensions\vmware.vscode-spring-boot-1.48.0\language-server\BOOT-INF\classes\application.properties 
java_command: org.springframework.ide.vscode.boot.app.BootLanguageServerBootApp
java_class_path (initial): c:\Users\user1\.vscode\extensions\vmware.vscode-spring-boot-1.48.0\language-server\BOOT-INF\classes;c:\Users\user1\.vscode\extensions\vmware.vscode-spring-boot-1.48.0\language-server\BOOT-INF\lib\annotations-24.0.1.jar;c:\Users\user1\.vscode\extensions\vmware.vscode-spring-boot-1.48.0\language-server\BOOT-INF\lib\antlr-runtime-3.5.3.jar;c:\Users\user1\.vscode\extensions\vmware.vscode-spring-boot-1.48.0\language-server\BOOT-INF\lib\antlr4-4.11.1.jar;c:\Users\user1\.vscode\extensions\vmware.vscode-spring-boot-1.48.0\language-server\BOOT-INF\lib\antlr4-runtime-4.11.1.jar;c:\Users\user1\.vscode\extensions\vmware.vscode-spring-boot-1.48.0\language-server\BOOT-INF\lib\archunit-1.0.1.jar;c:\Users\user1\.vscode\extensions\vmware.vscode-spring-boot-1.48.0\language-server\BOOT-INF\lib\asm-9.5.jar;c:\Users\user1\.vscode\extensions\vmware.vscode-spring-boot-1.48.0\language-server\BOOT-INF\lib\asm-analysis-9.5.jar;c:\Users\user1\.vscode\extensions\vmware.vscode-spring-boot-1.48.0\language-server\BOOT-INF\lib\asm-tree-9.5.jar;c:\Users\user1\.vscode\extensions\vmware.vscode-spring-boot-1.48.0\language-server\BOOT-INF\lib\asm-util-9.5.jar;c:\Users\user1\.vscode\extensions\vmware.vscode-spring-boot-1.48.0\language-server\BOOT-INF\lib\bosh-language-server-1.48.0-SNAPSHOT.jar;c:\Users\user1\.vscode\extensions\vmware.vscode-spring-boot-1.48.0\language-server\BOOT-INF\lib\caffeine-3.1.6.jar;c:\Users\user1\.vscode\extensions\vmware.vscode-spring-boot-1.48.0\language-server\BOOT-INF\lib\checker-qual-3.12.0.jar;c:\Users\user1\.vscode\extensions\vmware.vscode-spring-boot-1.48.0\language-server\BOOT-INF\lib\classgraph-4.8.149.jar;c:\Users\user1\.vscode\extensions\vmware.vscode-spring-boot-1.48.0\language-server\BOOT-INF\lib\commons-codec-1.15.jar;c:\Users\user1\.vscode\extensions\vmware.vscode-spring-boot-1.48.0\language-server\BOOT-INF\lib\commons-compress-1.23.0.jar;c:\Users\user1\.vscode\extensions\vmware.vscode-spring-boot-1.48.0\language-server\BOOT-INF\lib\
Launcher Type: SUN_STANDARD

[Global flags]
     intx CICompilerCount                          = 12                                        {product} {ergonomic}
     uint ConcGCThreads                            = 3                                         {product} {ergonomic}
     uint G1ConcRefinementThreads                  = 13                                        {product} {ergonomic}
   size_t G1HeapRegionSize                         = 1048576                                   {product} {ergonomic}
    uintx GCDrainStackTargetSize                   = 64                                        {product} {ergonomic}
     bool HeapDumpOnOutOfMemoryError               = true                                   {manageable} {command line}
   size_t InitialHeapSize                          = 268435456                                 {product} {ergonomic}
   size_t MarkStackSize                            = 4194304                                   {product} {ergonomic}
   size_t MaxHeapSize                              = 1073741824                                {product} {command line}
   size_t MaxNewSize                               = 643825664                                 {product} {ergonomic}
   size_t MinHeapDeltaBytes                        = 1048576                                   {product} {ergonomic}
   size_t MinHeapSize                              = 8388608                                   {product} {ergonomic}
    uintx NonProfiledCodeHeapSize                  = 0                                      {pd product} {ergonomic}
     bool ProfileInterpreter                       = false                                  {pd product} {command line}
    uintx ProfiledCodeHeapSize                     = 0                                      {pd product} {ergonomic}
   size_t SoftMaxHeapSize                          = 1073741824                             {manageable} {ergonomic}
     intx TieredStopAtLevel                        = 1                                         {product} {command line}
     bool UseCompressedClassPointers               = true                           {product lp64_product} {ergonomic}
     bool UseCompressedOops                        = true                           {product lp64_product} {ergonomic}
     bool UseG1GC                                  = true                                      {product} {ergonomic}
     bool UseLargePagesIndividualAllocation        = false                                  {pd product} {ergonomic}

Logging:
Log output configuration:
 #0: stdout all=warning,jni+resolve=off uptime,level,tags
 #1: stderr all=off uptime,level,tags

Environment Variables:
JAVA_HOME=D:\jdk-11
PATH=C:\Program Files (x86)\NAT Service;C:\Program Files (x86)\Common Files\Oracle\Java\javapath;C:\Program Files (x86)\Common Files\Intel\Shared Libraries\redist\intel64\compiler;C:\Program Files (x86)\Intel\iCLS Client\;C:\Program Files\Intel\iCLS Client\;C:\WINDOWS\system32;C:\WINDOWS;C:\WINDOWS\System32\Wbem;C:\WINDOWS\System32\WindowsPowerShell\v1.0\;C:\WINDOWS\System32\OpenSSH\;C:\Program Files (x86)\Intel\Intel(R) Management Engine Components\DAL;C:\Program Files\Intel\Intel(R) Management Engine Components\DAL;C:\Program Files (x86)\Intel\Intel(R) Management Engine Components\IPT;C:\Program Files\Intel\Intel(R) Management Engine Components\IPT;D:\QTSystem\;C:\Program Files (x86)\NVIDIA Corporation\PhysX\Common;C:\Program Files\NVIDIA Corporation\NVIDIA NvDLISR;C:\WINDOWS\system32;C:\WINDOWS;C:\WINDOWS\System32\Wbem;C:\WINDOWS\System32\WindowsPowerShell\v1.0\;C:\WINDOWS\System32\OpenSSH\;C:\Program Files\dotnet\;C:\Program Files\Git\cmd;C:\Program Files\nodejs\;C:\Program Files\PuTTY\;D:\jdk-11\bin;C:\Users\user1\AppData\Local\Programs\Python\Python37-32\Scripts\;C:\Users\user1\AppData\Local\Programs\Python\Python37-32\;C:\Users\user1\AppData\Local\Microsoft\WindowsApps;C:\Program Files\Bandizip\;D:\Microsoft VS Code\bin;C:\Users\user1\AppData\Local\GitHubDesktop\bin;C:\Users\user1\AppData\Roaming\npm;C:\Program Files\nodejs;;C:\Program Files (x86)\ESTsoft\ALSee\x64
USERNAME=user1
OS=Windows_NT
PROCESSOR_IDENTIFIER=AMD64 Family 23 Model 8 Stepping 2, AuthenticAMD
TMP=C:\Users\user1\AppData\Local\Temp
TEMP=C:\Users\user1\AppData\Local\Temp



---------------  S Y S T E M  ---------------

OS:
 Windows 10 , 64 bit Build 19041 (10.0.19041.3155)
OS uptime: 1 days 23:47 hours

CPU: total 16 (initial active 16) (16 cores per cpu, 2 threads per core) family 23 model 8 stepping 2 microcode 0x0, cx8, cmov, fxsr, ht, mmx, 3dnowpref, sse, sse2, sse3, ssse3, sse4a, sse4.1, sse4.2, popcnt, lzcnt, tsc, tscinvbit, avx, avx2, aes, clmul, bmi1, bmi2, adx, sha, fma, vzeroupper, clflush, clflushopt

Memory: 4k page, system-wide physical 16337M (5235M free)
TotalPageFile size 22213M (AvailPageFile size 2M)
current process WorkingSet (physical memory assigned to process): 126M, peak: 1173M
current process commit charge ("private bytes"): 301M, peak: 1209M

vm_info: OpenJDK 64-Bit Server VM (17.0.7+7) for windows-amd64 JRE (17.0.7+7), built on Apr 18 2023 22:10:42 by "temurin" with MS VC++ 16.7 (VS2019)

END.
